Log file open, 09/15/23 09:44:35
LogWindows: Failed to load 'aqProf.dll' (GetLastError=126)
LogWindows: File 'aqProf.dll' does not exist
LogWindows: Failed to load 'VtuneApi.dll' (GetLastError=126)
LogWindows: File 'VtuneApi.dll' does not exist
LogWindows: Failed to load 'VtuneApi32e.dll' (GetLastError=126)
LogWindows: File 'VtuneApi32e.dll' does not exist
LogConsoleResponse: Display: Failed to find resolution value strings in scalability ini. Falling back to default.
LogConsoleResponse: Display: Failed to find resolution value strings in scalability ini. Falling back to default.
LogInit: Display: Running engine for game: Forest_Game
LogPlatformFile: Not using cached read wrapper
LogTaskGraph: Started task graph with 5 named threads and 20 total threads with 3 sets of task threads.
LogStats: Stats thread started at 0.215067
LogICUInternationalization: ICU TimeZone Detection - Raw Offset: -3:00, Platform Override: ''
LogInit: Display: Loading text-based GConfig....
LogPluginManager: Mounting plugin MeshPainting
LogPluginManager: Mounting plugin XGEController
LogPluginManager: Mounting plugin Paper2D
LogPluginManager: Mounting plugin EnvironmentQueryEditor
LogPluginManager: Mounting plugin LiveLink
LogPluginManager: Mounting plugin AISupport
LogPluginManager: Mounting plugin LightPropagationVolume
LogPluginManager: Mounting plugin CameraShakePreviewer
LogPluginManager: Mounting plugin GameplayCameras
LogPluginManager: Mounting plugin OodleData
LogPluginManager: Mounting plugin OodleNetwork
LogPluginManager: Mounting plugin AnimationSharing
LogPluginManager: Mounting plugin CLionSourceCodeAccess
LogPluginManager: Mounting plugin CodeLiteSourceCodeAccess
LogPluginManager: Mounting plugin GitSourceControl
LogPluginManager: Mounting plugin KDevelopSourceCodeAccess
LogPluginManager: Mounting plugin NullSourceCodeAccess
LogPluginManager: Mounting plugin PerforceSourceControl
LogPluginManager: Mounting plugin PixWinPlugin
LogPluginManager: Mounting plugin PluginUtils
LogPluginManager: Mounting plugin PlasticSourceControl
LogPluginManager: Mounting plugin PropertyAccessNode
LogPluginManager: Mounting plugin RiderSourceCodeAccess
LogPluginManager: Mounting plugin SubversionSourceControl
LogPluginManager: Mounting plugin TextureFormatOodle
LogPluginManager: Mounting plugin UObjectPlugin
LogPluginManager: Mounting plugin VisualStudioCodeSourceCodeAccess
LogPluginManager: Mounting plugin VisualStudioSourceCodeAccess
LogPluginManager: Mounting plugin XCodeSourceCodeAccess
LogPluginManager: Mounting plugin AssetManagerEditor
LogPluginManager: Mounting plugin CryptoKeys
LogPluginManager: Mounting plugin CurveEditorTools
LogPluginManager: Mounting plugin DataValidation
LogPluginManager: Mounting plugin GeometryMode
LogPluginManager: Mounting plugin FacialAnimation
LogPluginManager: Mounting plugin GameplayTagsEditor
LogPluginManager: Mounting plugin MacGraphicsSwitching
LogPluginManager: Mounting plugin MobileLauncherProfileWizard
LogPluginManager: Mounting plugin PluginBrowser
LogPluginManager: Mounting plugin SpeedTreeImporter
LogPluginManager: Mounting plugin MaterialAnalyzer
LogPluginManager: Mounting plugin DatasmithContent
LogPluginManager: Mounting plugin AlembicImporter
LogPluginManager: Mounting plugin Niagara
LogPluginManager: Mounting plugin AutomationUtils
LogPluginManager: Mounting plugin BackChannel
LogPluginManager: Mounting plugin ChaosCloth
LogPluginManager: Mounting plugin ChaosClothEditor
LogPluginManager: Mounting plugin ChaosEditor
LogPluginManager: Mounting plugin ChaosSolverPlugin
LogPluginManager: Mounting plugin ChaosNiagara
LogPluginManager: Mounting plugin CharacterAI
LogPluginManager: Mounting plugin VariantManagerContent
LogPluginManager: Mounting plugin GeometryCache
LogPluginManager: Mounting plugin GeometryProcessing
LogPluginManager: Mounting plugin GeometryCollectionPlugin
LogPluginManager: Mounting plugin MotoSynth
LogPluginManager: Mounting plugin OpenImageDenoise
LogPluginManager: Mounting plugin PlatformCrypto
LogPluginManager: Mounting plugin PlanarCut
LogPluginManager: Mounting plugin ProxyLODPlugin
LogPluginManager: Mounting plugin PythonScriptPlugin
LogPluginManager: Mounting plugin SkeletalReduction
LogPluginManager: Mounting plugin LuminPlatformFeatures
LogPluginManager: Mounting plugin MagicLeap
LogPluginManager: Mounting plugin MagicLeapLightEstimation
LogPluginManager: Mounting plugin MagicLeapMedia
LogPluginManager: Mounting plugin MagicLeapPassableWorld
LogPluginManager: Mounting plugin MLSDK
LogPluginManager: Mounting plugin AndroidMedia
LogPluginManager: Mounting plugin AvfMedia
LogPluginManager: Mounting plugin ImgMedia
LogPluginManager: Mounting plugin MediaCompositing
LogPluginManager: Mounting plugin MediaPlayerEditor
LogPluginManager: Mounting plugin WebMMedia
LogPluginManager: Mounting plugin WmfMedia
LogPluginManager: Mounting plugin UdpMessaging
LogPluginManager: Mounting plugin ActorSequence
LogPluginManager: Mounting plugin TcpMessaging
LogPluginManager: Mounting plugin LevelSequenceEditor
LogPluginManager: Mounting plugin MatineeToLevelSequence
LogPluginManager: Mounting plugin TemplateSequence
LogPluginManager: Mounting plugin OnlineSubsystem
LogPluginManager: Mounting plugin OnlineSubsystemNull
LogPluginManager: Mounting plugin LauncherChunkInstaller
LogPluginManager: Mounting plugin OnlineSubsystemUtils
LogPluginManager: Mounting plugin ActorLayerUtilities
LogPluginManager: Mounting plugin AndroidDeviceProfileSelector
LogPluginManager: Mounting plugin AndroidMoviePlayer
LogPluginManager: Mounting plugin AndroidPermission
LogPluginManager: Mounting plugin AppleImageUtils
LogPluginManager: Mounting plugin ArchVisCharacter
LogPluginManager: Mounting plugin AssetTags
LogPluginManager: Mounting plugin AudioCapture
LogPluginManager: Mounting plugin AppleMoviePlayer
LogPluginManager: Mounting plugin AudioSynesthesia
LogPluginManager: Mounting plugin CableComponent
LogPluginManager: Mounting plugin ChunkDownloader
LogPluginManager: Mounting plugin CustomMeshComponent
LogPluginManager: Mounting plugin EditableMesh
LogPluginManager: Mounting plugin ExampleDeviceProfileSelector
LogPluginManager: Mounting plugin GoogleCloudMessaging
LogPluginManager: Mounting plugin GooglePAD
LogPluginManager: Mounting plugin IOSDeviceProfileSelector
LogPluginManager: Mounting plugin LocationServicesBPLibrary
LogPluginManager: Mounting plugin LinuxDeviceProfileSelector
LogPluginManager: Mounting plugin MobilePatchingUtils
LogPluginManager: Mounting plugin OpenXR
LogPluginManager: Mounting plugin OpenXREyeTracker
LogPluginManager: Mounting plugin OpenXRHandTracking
LogPluginManager: Mounting plugin PhysXVehicles
LogPluginManager: Mounting plugin PostSplashScreen
LogPluginManager: Mounting plugin ProceduralMeshComponent
LogPluginManager: Mounting plugin PropertyAccessEditor
LogPluginManager: Mounting plugin RuntimePhysXCooking
LogPluginManager: Mounting plugin SignificanceManager
LogPluginManager: Mounting plugin SoundFields
LogPluginManager: Mounting plugin Synthesis
LogPluginManager: Mounting plugin WebMMoviePlayer
LogPluginManager: Mounting plugin WindowsMoviePlayer
LogPluginManager: Mounting plugin ScreenshotTools
LogPluginManager: Mounting plugin Takes
LogPluginManager: Mounting plugin ContentBrowserAssetDataSource
LogPluginManager: Mounting plugin ContentBrowserFileDataSource
LogPluginManager: Mounting plugin ContentBrowserClassDataSource
LogPluginManager: Mounting plugin OnlineSubsystemGooglePlay
LogPluginManager: Mounting plugin OnlineSubsystemIOS
LogPluginManager: Mounting plugin OculusVR
LogPluginManager: Mounting plugin SteamVR
PixWinPlugin: PIX capture plugin failed to initialize! Check that the process is launched from PIX.
LogInit: Using libcurl 7.55.1-DEV
LogInit:  - built for x86_64-pc-win32
LogInit:  - supports SSL with OpenSSL/1.1.1
LogInit:  - supports HTTP deflate (compression) using libz 1.2.8
LogInit:  - other features:
LogInit:      CURL_VERSION_SSL
LogInit:      CURL_VERSION_LIBZ
LogInit:      CURL_VERSION_IPV6
LogInit:      CURL_VERSION_ASYNCHDNS
LogInit:      CURL_VERSION_LARGEFILE
LogInit:      CURL_VERSION_IDN
LogInit:  CurlRequestOptions (configurable via config and command line):
LogInit:  - bVerifyPeer = true  - Libcurl will verify peer certificate
LogInit:  - bUseHttpProxy = false  - Libcurl will NOT use HTTP proxy
LogInit:  - bDontReuseConnections = false  - Libcurl will reuse connections
LogInit:  - MaxHostConnections = 16  - Libcurl will limit the number of connections to a host
LogInit:  - LocalHostAddr = Default
LogInit:  - BufferSize = 65536
LogOnline: OSS: Creating online subsystem instance for: NULL
LogInit: WinSock: version 1.1 (2.2), MaxSocks=32767, MaxUdp=65467
LogOnline: OSS: TryLoadSubsystemAndSetDefault: Loaded subsystem for module [NULL]
LogOculusPluginWrapper: OculusPlugin initialized successfully
LogHMD: Failed initializing OVRPlugin 1.59.0
LogInit: Build: ++UE4+Release-4.27-CL-18319896
LogInit: Engine Version: 4.27.2-18319896+++UE4+Release-4.27
LogInit: Compatible Engine Version: 4.27.0-17155196+++UE4+Release-4.27
LogInit: Net CL: 17155196
LogInit: OS: Windows 10 (Release 2009) (), CPU: Intel(R) Core(TM) i5-9600K CPU @ 3.70GHz, GPU: NVIDIA GeForce RTX 2060 SUPER
LogInit: Compiled (64-bit): Nov 30 2021 07:12:08
LogInit: Compiled with Visual C++: 19.24.28315.00
LogInit: Build Configuration: Development
LogInit: Branch Name: ++UE4+Release-4.27
LogInit: Command Line:  -AUTH_LOGIN=unused -AUTH_PASSWORD=a850d85bf9bf47fd95aad30cb68fda20 -AUTH_TYPE=exchangecode -epicapp=UE_4.27 -epicenv=Prod -EpicPortal -epicusername="Celli is back bb" -epicuserid=201a8422bd67459b915b3a358b54c0e7 -epiclocale=en -epicsandboxid=ue
LogInit: Base Directory: D:/UE_4.27/Engine/Binaries/Win64/
LogInit: Allocator: TBB
LogInit: Installed Engine Build: 1
LogDevObjectVersion: Number of dev versions registered: 29
LogDevObjectVersion:   Dev-Blueprints (B0D832E4-1F89-4F0D-ACCF-7EB736FD4AA2): 10
LogDevObjectVersion:   Dev-Build (E1C64328-A22C-4D53-A36C-8E866417BD8C): 0
LogDevObjectVersion:   Dev-Core (375EC13C-06E4-48FB-B500-84F0262A717E): 4
LogDevObjectVersion:   Dev-Editor (E4B068ED-F494-42E9-A231-DA0B2E46BB41): 40
LogDevObjectVersion:   Dev-Framework (CFFC743F-43B0-4480-9391-14DF171D2073): 37
LogDevObjectVersion:   Dev-Mobile (B02B49B5-BB20-44E9-A304-32B752E40360): 3
LogDevObjectVersion:   Dev-Networking (A4E4105C-59A1-49B5-A7C5-40C4547EDFEE): 0
LogDevObjectVersion:   Dev-Online (39C831C9-5AE6-47DC-9A44-9C173E1C8E7C): 0
LogDevObjectVersion:   Dev-Physics (78F01B33-EBEA-4F98-B9B4-84EACCB95AA2): 14
LogDevObjectVersion:   Dev-Platform (6631380F-2D4D-43E0-8009-CF276956A95A): 0
LogDevObjectVersion:   Dev-Rendering (12F88B9F-8875-4AFC-A67C-D90C383ABD29): 45
LogDevObjectVersion:   Dev-Sequencer (7B5AE74C-D270-4C10-A958-57980B212A5A): 13
LogDevObjectVersion:   Dev-VR (D7296918-1DD6-4BDD-9DE2-64A83CC13884): 3
LogDevObjectVersion:   Dev-LoadTimes (C2A15278-BFE7-4AFE-6C17-90FF531DF755): 1
LogDevObjectVersion:   Private-Geometry (6EACA3D4-40EC-4CC1-B786-8BED09428FC5): 3
LogDevObjectVersion:   Dev-AnimPhys (29E575DD-E0A3-4627-9D10-D276232CDCEA): 17
LogDevObjectVersion:   Dev-Anim (AF43A65D-7FD3-4947-9873-3E8ED9C1BB05): 15
LogDevObjectVersion:   Dev-ReflectionCapture (6B266CEC-1EC7-4B8F-A30B-E4D90942FC07): 1
LogDevObjectVersion:   Dev-Automation (0DF73D61-A23F-47EA-B727-89E90C41499A): 1
LogDevObjectVersion:   FortniteMain (601D1886-AC64-4F84-AA16-D3DE0DEAC7D6): 47
LogDevObjectVersion:   FortniteRelease (E7086368-6B23-4C58-8439-1B7016265E91): 1
LogDevObjectVersion:   Dev-Enterprise (9DFFBCD6-494F-0158-E221-12823C92A888): 10
LogDevObjectVersion:   Dev-Niagara (F2AED0AC-9AFE-416F-8664-AA7FFA26D6FC): 1
LogDevObjectVersion:   Dev-Destruction (174F1F0B-B4C6-45A5-B13F-2EE8D0FB917D): 10
LogDevObjectVersion:   Dev-Physics-Ext (35F94A83-E258-406C-A318-09F59610247C): 41
LogDevObjectVersion:   Dev-PhysicsMaterial-Chaos (B68FC16E-8B1B-42E2-B453-215C058844FE): 1
LogDevObjectVersion:   Dev-CineCamera (B2E18506-4273-CFC2-A54E-F4BB758BBA07): 1
LogDevObjectVersion:   Dev-VirtualProduction (64F58936-FD1B-42BA-BA96-7289D5D0FA4E): 1
LogDevObjectVersion:   Dev-MediaFramework (6F0ED827-A609-4895-9C91-998D90180EA4): 2
LogInit: Presizing for max 25165824 objects, including 0 objects not considered by GC, pre-allocating 0 bytes for permanent pool.
LogConfig: Applying CVar settings from Section [/Script/Engine.StreamingSettings] File [C:/Users/Pedro Celli/Documents/GitHub/Forest-Game/Forest_Game/Saved/Config/Windows/Engine.ini]
LogConfig: Setting CVar [[s.MinBulkDataSizeForAsyncLoading:131072]]
LogConfig: Setting CVar [[s.AsyncLoadingThreadEnabled:0]]
LogConfig: Setting CVar [[s.EventDrivenLoaderEnabled:1]]
LogConfig: Setting CVar [[s.WarnIfTimeLimitExceeded:0]]
LogConfig: Setting CVar [[s.TimeLimitExceededMultiplier:1.5]]
LogConfig: Setting CVar [[s.TimeLimitExceededMinTime:0.005]]
LogConfig: Setting CVar [[s.UseBackgroundLevelStreaming:1]]
LogConfig: Setting CVar [[s.PriorityAsyncLoadingExtraTime:15.0]]
LogConfig: Setting CVar [[s.LevelStreamingActorsUpdateTimeLimit:5.0]]
LogConfig: Setting CVar [[s.PriorityLevelStreamingActorsUpdateExtraTime:5.0]]
LogConfig: Setting CVar [[s.LevelStreamingComponentsRegistrationGranularity:10]]
LogConfig: Setting CVar [[s.UnregisterComponentsTimeLimit:1.0]]
LogConfig: Setting CVar [[s.LevelStreamingComponentsUnregistrationGranularity:5]]
LogConfig: Setting CVar [[s.FlushStreamingOnExit:1]]
LogInit: Object subsystem initialized
LogConfig: Setting CVar [[con.DebugEarlyDefault:1]]
LogConfig: Setting CVar [[r.setres:1280x720]]
[2023.09.15-12.44.35:567][  0]LogConfig: Setting CVar [[r.VSync:0]]
[2023.09.15-12.44.35:567][  0]LogConfig: Setting CVar [[r.RHICmdBypass:0]]
[2023.09.15-12.44.35:567][  0]LogConfig: Applying CVar settings from Section [/Script/Engine.RendererSettings] File [C:/Users/Pedro Celli/Documents/GitHub/Forest-Game/Forest_Game/Saved/Config/Windows/Engine.ini]
[2023.09.15-12.44.35:567][  0]LogConfig: Setting CVar [[r.GPUCrashDebugging:0]]
[2023.09.15-12.44.35:567][  0]LogConfig: Applying CVar settings from Section [/Script/Engine.RendererOverrideSettings] File [C:/Users/Pedro Celli/Documents/GitHub/Forest-Game/Forest_Game/Saved/Config/Windows/Engine.ini]
[2023.09.15-12.44.35:567][  0]LogConfig: Applying CVar settings from Section [/Script/Engine.StreamingSettings] File [C:/Users/Pedro Celli/Documents/GitHub/Forest-Game/Forest_Game/Saved/Config/Windows/Engine.ini]
[2023.09.15-12.44.35:567][  0]LogConfig: Setting CVar [[s.MinBulkDataSizeForAsyncLoading:131072]]
[2023.09.15-12.44.35:567][  0]LogConfig: Setting CVar [[s.AsyncLoadingThreadEnabled:0]]
[2023.09.15-12.44.35:567][  0]LogConfig: Setting CVar [[s.EventDrivenLoaderEnabled:1]]
[2023.09.15-12.44.35:567][  0]LogConfig: Setting CVar [[s.WarnIfTimeLimitExceeded:0]]
[2023.09.15-12.44.35:567][  0]LogConfig: Setting CVar [[s.TimeLimitExceededMultiplier:1.5]]
[2023.09.15-12.44.35:567][  0]LogConfig: Setting CVar [[s.TimeLimitExceededMinTime:0.005]]
[2023.09.15-12.44.35:567][  0]LogConfig: Setting CVar [[s.UseBackgroundLevelStreaming:1]]
[2023.09.15-12.44.35:567][  0]LogConfig: Setting CVar [[s.PriorityAsyncLoadingExtraTime:15.0]]
[2023.09.15-12.44.35:567][  0]LogConfig: Setting CVar [[s.LevelStreamingActorsUpdateTimeLimit:5.0]]
[2023.09.15-12.44.35:567][  0]LogConfig: Setting CVar [[s.PriorityLevelStreamingActorsUpdateExtraTime:5.0]]
[2023.09.15-12.44.35:567][  0]LogConfig: Setting CVar [[s.LevelStreamingComponentsRegistrationGranularity:10]]
[2023.09.15-12.44.35:567][  0]LogConfig: Setting CVar [[s.UnregisterComponentsTimeLimit:1.0]]
[2023.09.15-12.44.35:567][  0]LogConfig: Setting CVar [[s.LevelStreamingComponentsUnregistrationGranularity:5]]
[2023.09.15-12.44.35:567][  0]LogConfig: Setting CVar [[s.FlushStreamingOnExit:1]]
[2023.09.15-12.44.35:567][  0]LogConfig: Applying CVar settings from Section [/Script/Engine.GarbageCollectionSettings] File [C:/Users/Pedro Celli/Documents/GitHub/Forest-Game/Forest_Game/Saved/Config/Windows/Engine.ini]
[2023.09.15-12.44.35:567][  0]LogConfig: Setting CVar [[gc.MaxObjectsNotConsideredByGC:1]]
[2023.09.15-12.44.35:567][  0]LogConfig: Setting CVar [[gc.SizeOfPermanentObjectPool:0]]
[2023.09.15-12.44.35:567][  0]LogConfig: Setting CVar [[gc.FlushStreamingOnGC:0]]
[2023.09.15-12.44.35:567][  0]LogConfig: Setting CVar [[gc.NumRetriesBeforeForcingGC:10]]
[2023.09.15-12.44.35:567][  0]LogConfig: Setting CVar [[gc.AllowParallelGC:1]]
[2023.09.15-12.44.35:567][  0]LogConfig: Setting CVar [[gc.TimeBetweenPurgingPendingKillObjects:61.1]]
[2023.09.15-12.44.35:567][  0]LogConfig: Setting CVar [[gc.MaxObjectsInEditor:25165824]]
[2023.09.15-12.44.35:567][  0]LogConfig: Setting CVar [[gc.IncrementalBeginDestroyEnabled:1]]
[2023.09.15-12.44.35:567][  0]LogConfig: Setting CVar [[gc.CreateGCClusters:1]]
[2023.09.15-12.44.35:567][  0]LogConfig: Setting CVar [[gc.MinGCClusterSize:5]]
[2023.09.15-12.44.35:567][  0]LogConfig: Setting CVar [[gc.ActorClusteringEnabled:0]]
[2023.09.15-12.44.35:568][  0]LogConfig: Setting CVar [[gc.BlueprintClusteringEnabled:0]]
[2023.09.15-12.44.35:568][  0]LogConfig: Setting CVar [[gc.UseDisregardForGCOnDedicatedServers:0]]
[2023.09.15-12.44.35:568][  0]LogConfig: Setting CVar [[gc.MultithreadedDestructionEnabled:1]]
[2023.09.15-12.44.35:568][  0]LogConfig: Applying CVar settings from Section [/Script/Engine.NetworkSettings] File [C:/Users/Pedro Celli/Documents/GitHub/Forest-Game/Forest_Game/Saved/Config/Windows/Engine.ini]
[2023.09.15-12.44.35:568][  0]LogConfig: Applying CVar settings from Section [/Script/UnrealEd.CookerSettings] File [C:/Users/Pedro Celli/Documents/GitHub/Forest-Game/Forest_Game/Saved/Config/Windows/Engine.ini]
[2023.09.15-12.44.35:578][  0]LogConfig: Applying CVar settings from Section [ViewDistanceQuality@3] File [C:/Users/Pedro Celli/Documents/GitHub/Forest-Game/Forest_Game/Saved/Config/Windows/Scalability.ini]
[2023.09.15-12.44.35:578][  0]LogConfig: Setting CVar [[r.SkeletalMeshLODBias:0]]
[2023.09.15-12.44.35:578][  0]LogConfig: Setting CVar [[r.ViewDistanceScale:1.0]]
[2023.09.15-12.44.35:578][  0]LogConfig: Applying CVar settings from Section [AntiAliasingQuality@3] File [C:/Users/Pedro Celli/Documents/GitHub/Forest-Game/Forest_Game/Saved/Config/Windows/Scalability.ini]
[2023.09.15-12.44.35:578][  0]LogConfig: Setting CVar [[r.PostProcessAAQuality:4]]
[2023.09.15-12.44.35:578][  0]LogConfig: Applying CVar settings from Section [ShadowQuality@3] File [C:/Users/Pedro Celli/Documents/GitHub/Forest-Game/Forest_Game/Saved/Config/Windows/Scalability.ini]
[2023.09.15-12.44.35:578][  0]LogConfig: Setting CVar [[r.LightFunctionQuality:1]]
[2023.09.15-12.44.35:578][  0]LogConfig: Setting CVar [[r.ShadowQuality:5]]
[2023.09.15-12.44.35:578][  0]LogConfig: Setting CVar [[r.Shadow.CSM.MaxCascades:10]]
[2023.09.15-12.44.35:578][  0]LogConfig: Setting CVar [[r.Shadow.MaxResolution:2048]]
[2023.09.15-12.44.35:578][  0]LogConfig: Setting CVar [[r.Shadow.MaxCSMResolution:2048]]
[2023.09.15-12.44.35:578][  0]LogConfig: Setting CVar [[r.Shadow.RadiusThreshold:0.01]]
[2023.09.15-12.44.35:578][  0]LogConfig: Setting CVar [[r.Shadow.DistanceScale:1.0]]
[2023.09.15-12.44.35:578][  0]LogConfig: Setting CVar [[r.Shadow.CSM.TransitionScale:1.0]]
[2023.09.15-12.44.35:578][  0]LogConfig: Setting CVar [[r.Shadow.PreShadowResolutionFactor:1.0]]
[2023.09.15-12.44.35:578][  0]LogConfig: Setting CVar [[r.DistanceFieldShadowing:1]]
[2023.09.15-12.44.35:578][  0]LogConfig: Setting CVar [[r.DistanceFieldAO:1]]
[2023.09.15-12.44.35:578][  0]LogConfig: Setting CVar [[r.AOQuality:2]]
[2023.09.15-12.44.35:579][  0]LogConfig: Setting CVar [[r.VolumetricFog:1]]
[2023.09.15-12.44.35:579][  0]LogConfig: Setting CVar [[r.VolumetricFog.GridPixelSize:8]]
[2023.09.15-12.44.35:579][  0]LogConfig: Setting CVar [[r.VolumetricFog.GridSizeZ:128]]
[2023.09.15-12.44.35:579][  0]LogConfig: Setting CVar [[r.VolumetricFog.HistoryMissSupersampleCount:4]]
[2023.09.15-12.44.35:579][  0]LogConfig: Setting CVar [[r.LightMaxDrawDistanceScale:1]]
[2023.09.15-12.44.35:579][  0]LogConfig: Setting CVar [[r.CapsuleShadows:1]]
[2023.09.15-12.44.35:579][  0]LogConfig: Applying CVar settings from Section [PostProcessQuality@3] File [C:/Users/Pedro Celli/Documents/GitHub/Forest-Game/Forest_Game/Saved/Config/Windows/Scalability.ini]
[2023.09.15-12.44.35:579][  0]LogConfig: Setting CVar [[r.MotionBlurQuality:4]]
[2023.09.15-12.44.35:579][  0]LogConfig: Setting CVar [[r.AmbientOcclusionMipLevelFactor:0.4]]
[2023.09.15-12.44.35:579][  0]LogConfig: Setting CVar [[r.AmbientOcclusionMaxQuality:100]]
[2023.09.15-12.44.35:579][  0]LogConfig: Setting CVar [[r.AmbientOcclusionLevels:-1]]
[2023.09.15-12.44.35:579][  0]LogConfig: Setting CVar [[r.AmbientOcclusionRadiusScale:1.0]]
[2023.09.15-12.44.35:579][  0]LogConfig: Setting CVar [[r.DepthOfFieldQuality:2]]
[2023.09.15-12.44.35:579][  0]LogConfig: Setting CVar [[r.RenderTargetPoolMin:400]]
[2023.09.15-12.44.35:579][  0]LogConfig: Setting CVar [[r.LensFlareQuality:2]]
[2023.09.15-12.44.35:579][  0]LogConfig: Setting CVar [[r.SceneColorFringeQuality:1]]
[2023.09.15-12.44.35:579][  0]LogConfig: Setting CVar [[r.EyeAdaptationQuality:2]]
[2023.09.15-12.44.35:579][  0]LogConfig: Setting CVar [[r.BloomQuality:5]]
[2023.09.15-12.44.35:579][  0]LogConfig: Setting CVar [[r.FastBlurThreshold:100]]
[2023.09.15-12.44.35:579][  0]LogConfig: Setting CVar [[r.Upscale.Quality:3]]
[2023.09.15-12.44.35:579][  0]LogConfig: Setting CVar [[r.Tonemapper.GrainQuantization:1]]
[2023.09.15-12.44.35:579][  0]LogConfig: Setting CVar [[r.LightShaftQuality:1]]
[2023.09.15-12.44.35:579][  0]LogConfig: Setting CVar [[r.Filter.SizeScale:1]]
[2023.09.15-12.44.35:579][  0]LogConfig: Setting CVar [[r.Tonemapper.Quality:5]]
[2023.09.15-12.44.35:579][  0]LogConfig: Setting CVar [[r.DOF.Gather.AccumulatorQuality:1        ; higher gathering accumulator quality]]
[2023.09.15-12.44.35:579][  0]LogConfig: Setting CVar [[r.DOF.Gather.PostfilterMethod:1          ; Median3x3 postfilering method]]
[2023.09.15-12.44.35:579][  0]LogConfig: Setting CVar [[r.DOF.Gather.EnableBokehSettings:0       ; no bokeh simulation when gathering]]
[2023.09.15-12.44.35:579][  0]LogConfig: Setting CVar [[r.DOF.Gather.RingCount:4                 ; medium number of samples when gathering]]
[2023.09.15-12.44.35:579][  0]LogConfig: Setting CVar [[r.DOF.Scatter.ForegroundCompositing:1    ; additive foreground scattering]]
[2023.09.15-12.44.35:579][  0]LogConfig: Setting CVar [[r.DOF.Scatter.BackgroundCompositing:2    ; additive background scattering]]
[2023.09.15-12.44.35:579][  0]LogConfig: Setting CVar [[r.DOF.Scatter.EnableBokehSettings:1      ; bokeh simulation when scattering]]
[2023.09.15-12.44.35:579][  0]LogConfig: Setting CVar [[r.DOF.Scatter.MaxSpriteRatio:0.1         ; only a maximum of 10% of scattered bokeh]]
[2023.09.15-12.44.35:579][  0]LogConfig: Setting CVar [[r.DOF.Recombine.Quality:1                ; cheap slight out of focus]]
[2023.09.15-12.44.35:579][  0]LogConfig: Setting CVar [[r.DOF.Recombine.EnableBokehSettings:0    ; no bokeh simulation on slight out of focus]]
[2023.09.15-12.44.35:579][  0]LogConfig: Setting CVar [[r.DOF.TemporalAAQuality:1                ; more stable temporal accumulation]]
[2023.09.15-12.44.35:579][  0]LogConfig: Setting CVar [[r.DOF.Kernel.MaxForegroundRadius:0.025]]
[2023.09.15-12.44.35:579][  0]LogConfig: Setting CVar [[r.DOF.Kernel.MaxBackgroundRadius:0.025]]
[2023.09.15-12.44.35:579][  0]LogConfig: Applying CVar settings from Section [TextureQuality@3] File [C:/Users/Pedro Celli/Documents/GitHub/Forest-Game/Forest_Game/Saved/Config/Windows/Scalability.ini]
[2023.09.15-12.44.35:579][  0]LogConfig: Setting CVar [[r.Streaming.MipBias:0]]
[2023.09.15-12.44.35:579][  0]LogConfig: Setting CVar [[r.Streaming.AmortizeCPUToGPUCopy:0]]
[2023.09.15-12.44.35:579][  0]LogConfig: Setting CVar [[r.Streaming.MaxNumTexturesToStreamPerFrame:0]]
[2023.09.15-12.44.35:579][  0]LogConfig: Setting CVar [[r.Streaming.Boost:1]]
[2023.09.15-12.44.35:579][  0]LogConfig: Setting CVar [[r.MaxAnisotropy:8]]
[2023.09.15-12.44.35:579][  0]LogConfig: Setting CVar [[r.VT.MaxAnisotropy:8]]
[2023.09.15-12.44.35:579][  0]LogConfig: Setting CVar [[r.Streaming.LimitPoolSizeToVRAM:0]]
[2023.09.15-12.44.35:579][  0]LogConfig: Setting CVar [[r.Streaming.PoolSize:1000]]
[2023.09.15-12.44.35:579][  0]LogConfig: Setting CVar [[r.Streaming.MaxEffectiveScreenSize:0]]
[2023.09.15-12.44.35:579][  0]LogConfig: Applying CVar settings from Section [EffectsQuality@3] File [C:/Users/Pedro Celli/Documents/GitHub/Forest-Game/Forest_Game/Saved/Config/Windows/Scalability.ini]
[2023.09.15-12.44.35:579][  0]LogConfig: Setting CVar [[r.TranslucencyLightingVolumeDim:64]]
[2023.09.15-12.44.35:579][  0]LogConfig: Setting CVar [[r.RefractionQuality:2]]
[2023.09.15-12.44.35:579][  0]LogConfig: Setting CVar [[r.SSR.Quality:3]]
[2023.09.15-12.44.35:579][  0]LogConfig: Setting CVar [[r.SSR.HalfResSceneColor:0]]
[2023.09.15-12.44.35:579][  0]LogConfig: Setting CVar [[r.SceneColorFormat:4]]
[2023.09.15-12.44.35:579][  0]LogConfig: Setting CVar [[r.DetailMode:2]]
[2023.09.15-12.44.35:579][  0]LogConfig: Setting CVar [[r.TranslucencyVolumeBlur:1]]
[2023.09.15-12.44.35:579][  0]LogConfig: Setting CVar [[r.MaterialQualityLevel:1 ; High quality]]
[2023.09.15-12.44.35:579][  0]LogConfig: Setting CVar [[r.AnisotropicMaterials:1]]
[2023.09.15-12.44.35:579][  0]LogConfig: Setting CVar [[r.SSS.Scale:1]]
[2023.09.15-12.44.35:579][  0]LogConfig: Setting CVar [[r.SSS.SampleSet:2]]
[2023.09.15-12.44.35:579][  0]LogConfig: Setting CVar [[r.SSS.Quality:1]]
[2023.09.15-12.44.35:579][  0]LogConfig: Setting CVar [[r.SSS.HalfRes:0]]
[2023.09.15-12.44.35:579][  0]LogConfig: Setting CVar [[r.SSGI.Quality:3]]
[2023.09.15-12.44.35:579][  0]LogConfig: Setting CVar [[r.EmitterSpawnRateScale:1.0]]
[2023.09.15-12.44.35:579][  0]LogConfig: Setting CVar [[r.ParticleLightQuality:2]]
[2023.09.15-12.44.35:579][  0]LogConfig: Setting CVar [[r.SkyAtmosphere.AerialPerspectiveLUT.FastApplyOnOpaque:1 ; Always have FastSkyLUT 1 in this case to avoid wrong sky]]
[2023.09.15-12.44.35:579][  0]LogConfig: Setting CVar [[r.SkyAtmosphere.AerialPerspectiveLUT.SampleCountMaxPerSlice:4]]
[2023.09.15-12.44.35:579][  0]LogConfig: Setting CVar [[r.SkyAtmosphere.AerialPerspectiveLUT.DepthResolution:16.0]]
[2023.09.15-12.44.35:579][  0]LogConfig: Setting CVar [[r.SkyAtmosphere.FastSkyLUT:1]]
[2023.09.15-12.44.35:579][  0]LogConfig: Setting CVar [[r.SkyAtmosphere.FastSkyLUT.SampleCountMin:4.0]]
[2023.09.15-12.44.35:579][  0]LogConfig: Setting CVar [[r.SkyAtmosphere.FastSkyLUT.SampleCountMax:128.0]]
[2023.09.15-12.44.35:579][  0]LogConfig: Setting CVar [[r.SkyAtmosphere.SampleCountMin:4.0]]
[2023.09.15-12.44.35:579][  0]LogConfig: Setting CVar [[r.SkyAtmosphere.SampleCountMax:128.0]]
[2023.09.15-12.44.35:579][  0]LogConfig: Setting CVar [[r.SkyAtmosphere.TransmittanceLUT.UseSmallFormat:0]]
[2023.09.15-12.44.35:579][  0]LogConfig: Setting CVar [[r.SkyAtmosphere.TransmittanceLUT.SampleCount:10.0]]
[2023.09.15-12.44.35:579][  0]LogConfig: Setting CVar [[r.SkyAtmosphere.MultiScatteringLUT.SampleCount:15.0]]
[2023.09.15-12.44.35:579][  0]LogConfig: Setting CVar [[r.SkyLight.RealTimeReflectionCapture:1]]
[2023.09.15-12.44.35:579][  0]LogConfig: Applying CVar settings from Section [FoliageQuality@3] File [C:/Users/Pedro Celli/Documents/GitHub/Forest-Game/Forest_Game/Saved/Config/Windows/Scalability.ini]
[2023.09.15-12.44.35:579][  0]LogConfig: Setting CVar [[foliage.DensityScale:1.0]]
[2023.09.15-12.44.35:579][  0]LogConfig: Setting CVar [[grass.DensityScale:1.0]]
[2023.09.15-12.44.35:579][  0]LogConfig: Applying CVar settings from Section [ShadingQuality@3] File [C:/Users/Pedro Celli/Documents/GitHub/Forest-Game/Forest_Game/Saved/Config/Windows/Scalability.ini]
[2023.09.15-12.44.35:579][  0]LogConfig: Setting CVar [[r.HairStrands.SkyLighting.IntegrationType:2]]
[2023.09.15-12.44.35:579][  0]LogConfig: Setting CVar [[r.HairStrands.SkyAO.SampleCount:4]]
[2023.09.15-12.44.35:579][  0]LogConfig: Setting CVar [[r.HairStrands.Visibility.MSAA.SamplePerPixel:4]]
[2023.09.15-12.44.35:579][  0]LogInit: Selected Device Profile: [Windows]
[2023.09.15-12.44.35:579][  0]LogInit: Applying CVar settings loaded from the selected device profile: [Windows]
[2023.09.15-12.44.35:579][  0]LogHAL: Display: Platform has ~ 16 GB [17112264704 / 17179869184 / 16], which maps to Larger [LargestMinGB=32, LargerMinGB=12, DefaultMinGB=8, SmallerMinGB=6, SmallestMinGB=0)
[2023.09.15-12.44.35:579][  0]LogInit: Going up to parent DeviceProfile []
[2023.09.15-12.44.35:579][  0]LogConfig: Applying CVar settings from Section [ViewDistanceQuality@3] File [C:/Users/Pedro Celli/Documents/GitHub/Forest-Game/Forest_Game/Saved/Config/Windows/Scalability.ini]
[2023.09.15-12.44.35:580][  0]LogConfig: Setting CVar [[r.SkeletalMeshLODBias:0]]
[2023.09.15-12.44.35:580][  0]LogConfig: Setting CVar [[r.ViewDistanceScale:1.0]]
[2023.09.15-12.44.35:580][  0]LogConfig: Applying CVar settings from Section [AntiAliasingQuality@3] File [C:/Users/Pedro Celli/Documents/GitHub/Forest-Game/Forest_Game/Saved/Config/Windows/Scalability.ini]
[2023.09.15-12.44.35:580][  0]LogConfig: Setting CVar [[r.PostProcessAAQuality:4]]
[2023.09.15-12.44.35:580][  0]LogConfig: Applying CVar settings from Section [ShadowQuality@3] File [C:/Users/Pedro Celli/Documents/GitHub/Forest-Game/Forest_Game/Saved/Config/Windows/Scalability.ini]
[2023.09.15-12.44.35:580][  0]LogConfig: Setting CVar [[r.LightFunctionQuality:1]]
[2023.09.15-12.44.35:580][  0]LogConfig: Setting CVar [[r.ShadowQuality:5]]
[2023.09.15-12.44.35:580][  0]LogConfig: Setting CVar [[r.Shadow.CSM.MaxCascades:10]]
[2023.09.15-12.44.35:580][  0]LogConfig: Setting CVar [[r.Shadow.MaxResolution:2048]]
[2023.09.15-12.44.35:580][  0]LogConfig: Setting CVar [[r.Shadow.MaxCSMResolution:2048]]
[2023.09.15-12.44.35:580][  0]LogConfig: Setting CVar [[r.Shadow.RadiusThreshold:0.01]]
[2023.09.15-12.44.35:580][  0]LogConfig: Setting CVar [[r.Shadow.DistanceScale:1.0]]
[2023.09.15-12.44.35:580][  0]LogConfig: Setting CVar [[r.Shadow.CSM.TransitionScale:1.0]]
[2023.09.15-12.44.35:580][  0]LogConfig: Setting CVar [[r.Shadow.PreShadowResolutionFactor:1.0]]
[2023.09.15-12.44.35:580][  0]LogConfig: Setting CVar [[r.DistanceFieldShadowing:1]]
[2023.09.15-12.44.35:580][  0]LogConfig: Setting CVar [[r.DistanceFieldAO:1]]
[2023.09.15-12.44.35:580][  0]LogConfig: Setting CVar [[r.AOQuality:2]]
[2023.09.15-12.44.35:580][  0]LogConfig: Setting CVar [[r.VolumetricFog:1]]
[2023.09.15-12.44.35:580][  0]LogConfig: Setting CVar [[r.VolumetricFog.GridPixelSize:8]]
[2023.09.15-12.44.35:580][  0]LogConfig: Setting CVar [[r.VolumetricFog.GridSizeZ:128]]
[2023.09.15-12.44.35:580][  0]LogConfig: Setting CVar [[r.VolumetricFog.HistoryMissSupersampleCount:4]]
[2023.09.15-12.44.35:580][  0]LogConfig: Setting CVar [[r.LightMaxDrawDistanceScale:1]]
[2023.09.15-12.44.35:580][  0]LogConfig: Setting CVar [[r.CapsuleShadows:1]]
[2023.09.15-12.44.35:580][  0]LogConfig: Applying CVar settings from Section [PostProcessQuality@3] File [C:/Users/Pedro Celli/Documents/GitHub/Forest-Game/Forest_Game/Saved/Config/Windows/Scalability.ini]
[2023.09.15-12.44.35:580][  0]LogConfig: Setting CVar [[r.MotionBlurQuality:4]]
[2023.09.15-12.44.35:580][  0]LogConfig: Setting CVar [[r.AmbientOcclusionMipLevelFactor:0.4]]
[2023.09.15-12.44.35:580][  0]LogConfig: Setting CVar [[r.AmbientOcclusionMaxQuality:100]]
[2023.09.15-12.44.35:580][  0]LogConfig: Setting CVar [[r.AmbientOcclusionLevels:-1]]
[2023.09.15-12.44.35:580][  0]LogConfig: Setting CVar [[r.AmbientOcclusionRadiusScale:1.0]]
[2023.09.15-12.44.35:580][  0]LogConfig: Setting CVar [[r.DepthOfFieldQuality:2]]
[2023.09.15-12.44.35:580][  0]LogConfig: Setting CVar [[r.RenderTargetPoolMin:400]]
[2023.09.15-12.44.35:580][  0]LogConfig: Setting CVar [[r.LensFlareQuality:2]]
[2023.09.15-12.44.35:580][  0]LogConfig: Setting CVar [[r.SceneColorFringeQuality:1]]
[2023.09.15-12.44.35:580][  0]LogConfig: Setting CVar [[r.EyeAdaptationQuality:2]]
[2023.09.15-12.44.35:580][  0]LogConfig: Setting CVar [[r.BloomQuality:5]]
[2023.09.15-12.44.35:580][  0]LogConfig: Setting CVar [[r.FastBlurThreshold:100]]
[2023.09.15-12.44.35:580][  0]LogConfig: Setting CVar [[r.Upscale.Quality:3]]
[2023.09.15-12.44.35:580][  0]LogConfig: Setting CVar [[r.Tonemapper.GrainQuantization:1]]
[2023.09.15-12.44.35:580][  0]LogConfig: Setting CVar [[r.LightShaftQuality:1]]
[2023.09.15-12.44.35:580][  0]LogConfig: Setting CVar [[r.Filter.SizeScale:1]]
[2023.09.15-12.44.35:580][  0]LogConfig: Setting CVar [[r.Tonemapper.Quality:5]]
[2023.09.15-12.44.35:580][  0]LogConfig: Setting CVar [[r.DOF.Gather.AccumulatorQuality:1        ; higher gathering accumulator quality]]
[2023.09.15-12.44.35:580][  0]LogConfig: Setting CVar [[r.DOF.Gather.PostfilterMethod:1          ; Median3x3 postfilering method]]
[2023.09.15-12.44.35:580][  0]LogConfig: Setting CVar [[r.DOF.Gather.EnableBokehSettings:0       ; no bokeh simulation when gathering]]
[2023.09.15-12.44.35:580][  0]LogConfig: Setting CVar [[r.DOF.Gather.RingCount:4                 ; medium number of samples when gathering]]
[2023.09.15-12.44.35:580][  0]LogConfig: Setting CVar [[r.DOF.Scatter.ForegroundCompositing:1    ; additive foreground scattering]]
[2023.09.15-12.44.35:580][  0]LogConfig: Setting CVar [[r.DOF.Scatter.BackgroundCompositing:2    ; additive background scattering]]
[2023.09.15-12.44.35:580][  0]LogConfig: Setting CVar [[r.DOF.Scatter.EnableBokehSettings:1      ; bokeh simulation when scattering]]
[2023.09.15-12.44.35:580][  0]LogConfig: Setting CVar [[r.DOF.Scatter.MaxSpriteRatio:0.1         ; only a maximum of 10% of scattered bokeh]]
[2023.09.15-12.44.35:580][  0]LogConfig: Setting CVar [[r.DOF.Recombine.Quality:1                ; cheap slight out of focus]]
[2023.09.15-12.44.35:580][  0]LogConfig: Setting CVar [[r.DOF.Recombine.EnableBokehSettings:0    ; no bokeh simulation on slight out of focus]]
[2023.09.15-12.44.35:580][  0]LogConfig: Setting CVar [[r.DOF.TemporalAAQuality:1                ; more stable temporal accumulation]]
[2023.09.15-12.44.35:580][  0]LogConfig: Setting CVar [[r.DOF.Kernel.MaxForegroundRadius:0.025]]
[2023.09.15-12.44.35:580][  0]LogConfig: Setting CVar [[r.DOF.Kernel.MaxBackgroundRadius:0.025]]
[2023.09.15-12.44.35:580][  0]LogConfig: Applying CVar settings from Section [TextureQuality@3] File [C:/Users/Pedro Celli/Documents/GitHub/Forest-Game/Forest_Game/Saved/Config/Windows/Scalability.ini]
[2023.09.15-12.44.35:580][  0]LogConfig: Setting CVar [[r.Streaming.MipBias:0]]
[2023.09.15-12.44.35:580][  0]LogConfig: Setting CVar [[r.Streaming.AmortizeCPUToGPUCopy:0]]
[2023.09.15-12.44.35:580][  0]LogConfig: Setting CVar [[r.Streaming.MaxNumTexturesToStreamPerFrame:0]]
[2023.09.15-12.44.35:580][  0]LogConfig: Setting CVar [[r.Streaming.Boost:1]]
[2023.09.15-12.44.35:580][  0]LogConfig: Setting CVar [[r.MaxAnisotropy:8]]
[2023.09.15-12.44.35:580][  0]LogConfig: Setting CVar [[r.VT.MaxAnisotropy:8]]
[2023.09.15-12.44.35:580][  0]LogConfig: Setting CVar [[r.Streaming.LimitPoolSizeToVRAM:0]]
[2023.09.15-12.44.35:580][  0]LogConfig: Setting CVar [[r.Streaming.PoolSize:1000]]
[2023.09.15-12.44.35:580][  0]LogConfig: Setting CVar [[r.Streaming.MaxEffectiveScreenSize:0]]
[2023.09.15-12.44.35:580][  0]LogConfig: Applying CVar settings from Section [EffectsQuality@3] File [C:/Users/Pedro Celli/Documents/GitHub/Forest-Game/Forest_Game/Saved/Config/Windows/Scalability.ini]
[2023.09.15-12.44.35:580][  0]LogConfig: Setting CVar [[r.TranslucencyLightingVolumeDim:64]]
[2023.09.15-12.44.35:580][  0]LogConfig: Setting CVar [[r.RefractionQuality:2]]
[2023.09.15-12.44.35:580][  0]LogConfig: Setting CVar [[r.SSR.Quality:3]]
[2023.09.15-12.44.35:580][  0]LogConfig: Setting CVar [[r.SSR.HalfResSceneColor:0]]
[2023.09.15-12.44.35:580][  0]LogConfig: Setting CVar [[r.SceneColorFormat:4]]
[2023.09.15-12.44.35:580][  0]LogConfig: Setting CVar [[r.DetailMode:2]]
[2023.09.15-12.44.35:580][  0]LogConfig: Setting CVar [[r.TranslucencyVolumeBlur:1]]
[2023.09.15-12.44.35:580][  0]LogConfig: Setting CVar [[r.MaterialQualityLevel:1 ; High quality]]
[2023.09.15-12.44.35:580][  0]LogConfig: Setting CVar [[r.AnisotropicMaterials:1]]
[2023.09.15-12.44.35:580][  0]LogConfig: Setting CVar [[r.SSS.Scale:1]]
[2023.09.15-12.44.35:580][  0]LogConfig: Setting CVar [[r.SSS.SampleSet:2]]
[2023.09.15-12.44.35:580][  0]LogConfig: Setting CVar [[r.SSS.Quality:1]]
[2023.09.15-12.44.35:580][  0]LogConfig: Setting CVar [[r.SSS.HalfRes:0]]
[2023.09.15-12.44.35:580][  0]LogConfig: Setting CVar [[r.SSGI.Quality:3]]
[2023.09.15-12.44.35:580][  0]LogConfig: Setting CVar [[r.EmitterSpawnRateScale:1.0]]
[2023.09.15-12.44.35:580][  0]LogConfig: Setting CVar [[r.ParticleLightQuality:2]]
[2023.09.15-12.44.35:580][  0]LogConfig: Setting CVar [[r.SkyAtmosphere.AerialPerspectiveLUT.FastApplyOnOpaque:1 ; Always have FastSkyLUT 1 in this case to avoid wrong sky]]
[2023.09.15-12.44.35:580][  0]LogConfig: Setting CVar [[r.SkyAtmosphere.AerialPerspectiveLUT.SampleCountMaxPerSlice:4]]
[2023.09.15-12.44.35:580][  0]LogConfig: Setting CVar [[r.SkyAtmosphere.AerialPerspectiveLUT.DepthResolution:16.0]]
[2023.09.15-12.44.35:580][  0]LogConfig: Setting CVar [[r.SkyAtmosphere.FastSkyLUT:1]]
[2023.09.15-12.44.35:580][  0]LogConfig: Setting CVar [[r.SkyAtmosphere.FastSkyLUT.SampleCountMin:4.0]]
[2023.09.15-12.44.35:580][  0]LogConfig: Setting CVar [[r.SkyAtmosphere.FastSkyLUT.SampleCountMax:128.0]]
[2023.09.15-12.44.35:580][  0]LogConfig: Setting CVar [[r.SkyAtmosphere.SampleCountMin:4.0]]
[2023.09.15-12.44.35:580][  0]LogConfig: Setting CVar [[r.SkyAtmosphere.SampleCountMax:128.0]]
[2023.09.15-12.44.35:580][  0]LogConfig: Setting CVar [[r.SkyAtmosphere.TransmittanceLUT.UseSmallFormat:0]]
[2023.09.15-12.44.35:580][  0]LogConfig: Setting CVar [[r.SkyAtmosphere.TransmittanceLUT.SampleCount:10.0]]
[2023.09.15-12.44.35:580][  0]LogConfig: Setting CVar [[r.SkyAtmosphere.MultiScatteringLUT.SampleCount:15.0]]
[2023.09.15-12.44.35:580][  0]LogConfig: Setting CVar [[r.SkyLight.RealTimeReflectionCapture:1]]
[2023.09.15-12.44.35:580][  0]LogConfig: Applying CVar settings from Section [FoliageQuality@3] File [C:/Users/Pedro Celli/Documents/GitHub/Forest-Game/Forest_Game/Saved/Config/Windows/Scalability.ini]
[2023.09.15-12.44.35:580][  0]LogConfig: Setting CVar [[foliage.DensityScale:1.0]]
[2023.09.15-12.44.35:580][  0]LogConfig: Setting CVar [[grass.DensityScale:1.0]]
[2023.09.15-12.44.35:580][  0]LogConfig: Applying CVar settings from Section [ShadingQuality@3] File [C:/Users/Pedro Celli/Documents/GitHub/Forest-Game/Forest_Game/Saved/Config/Windows/Scalability.ini]
[2023.09.15-12.44.35:580][  0]LogConfig: Setting CVar [[r.HairStrands.SkyLighting.IntegrationType:2]]
[2023.09.15-12.44.35:580][  0]LogConfig: Setting CVar [[r.HairStrands.SkyAO.SampleCount:4]]
[2023.09.15-12.44.35:581][  0]LogConfig: Setting CVar [[r.HairStrands.Visibility.MSAA.SamplePerPixel:4]]
[2023.09.15-12.44.35:581][  0]LogConfig: Applying CVar settings from Section [Startup] File [../../../Engine/Config/ConsoleVariables.ini]
[2023.09.15-12.44.35:581][  0]LogConfig: Setting CVar [[net.UseAdaptiveNetUpdateFrequency:0]]
[2023.09.15-12.44.35:581][  0]LogConfig: Setting CVar [[p.chaos.AllowCreatePhysxBodies:1]]
[2023.09.15-12.44.35:581][  0]LogConfig: Setting CVar [[fx.SkipVectorVMBackendOptimizations:1]]
[2023.09.15-12.44.35:581][  0]LogConfig: Applying CVar settings from Section [ConsoleVariables] File [C:/Users/Pedro Celli/Documents/GitHub/Forest-Game/Forest_Game/Saved/Config/Windows/Engine.ini]
[2023.09.15-12.44.35:581][  0]LogConfig: Applying CVar settings from Section [ConsoleVariables] File [C:/Users/Pedro Celli/Documents/GitHub/Forest-Game/Forest_Game/Saved/Config/Windows/Editor.ini]
[2023.09.15-12.44.35:581][  0]LogInit: Computer: DESKTOP-TTC6GEI
[2023.09.15-12.44.35:581][  0]LogInit: User: PedroCelli
[2023.09.15-12.44.35:581][  0]LogInit: CPU Page size=4096, Cores=6
[2023.09.15-12.44.35:581][  0]LogInit: High frequency timer resolution =10.000000 MHz
[2023.09.15-12.44.35:581][  0]LogMemory: Memory total: Physical=15.9GB (16GB approx)
[2023.09.15-12.44.35:581][  0]LogMemory: Platform Memory Stats for Windows
[2023.09.15-12.44.35:581][  0]LogMemory: Process Physical Memory: 141.11 MB used, 141.11 MB peak
[2023.09.15-12.44.35:581][  0]LogMemory: Process Virtual Memory: 113.84 MB used, 113.84 MB peak
[2023.09.15-12.44.35:581][  0]LogMemory: Physical Memory: 9250.11 MB used,  7069.42 MB free, 16319.53 MB total
[2023.09.15-12.44.35:581][  0]LogMemory: Virtual Memory: 134212464.00 MB used,  5266.59 MB free, 134217728.00 MB total
[2023.09.15-12.44.35:585][  0]LogWindows: WindowsPlatformFeatures enabled
[2023.09.15-12.44.35:626][  0]LogInit: Physics initialised using underlying interface: PhysX
[2023.09.15-12.44.35:626][  0]LogInit: Overriding language with editor language configuration option (en).
[2023.09.15-12.44.35:626][  0]LogInit: Using OS detected locale (en-US).
[2023.09.15-12.44.35:789][  0]LogInit: Setting process to per monitor DPI aware
[2023.09.15-12.44.35:798][  0]LogWindowsTextInputMethodSystem: Display: IME system deactivated.
[2023.09.15-12.44.35:807][  0]LogSlate: New Slate User Created.  User Index 0, Is Virtual User: 0
[2023.09.15-12.44.35:807][  0]LogSlate: Slate User Registered.  User Index 0, Is Virtual User: 0
[2023.09.15-12.44.35:988][  0]LogD3D11RHI: Loaded GFSDK_Aftermath_Lib.x64.dll
[2023.09.15-12.44.35:990][  0]LogHMD: Failed to initialize OpenVR with code 110
[2023.09.15-12.44.35:990][  0]LogD3D11RHI: D3D11 min allowed feature level: 11_0
[2023.09.15-12.44.35:990][  0]LogD3D11RHI: D3D11 max allowed feature level: 11_0
[2023.09.15-12.44.35:990][  0]LogD3D11RHI: D3D11 adapters:
[2023.09.15-12.44.36:119][  0]LogD3D11RHI:    0. 'NVIDIA GeForce RTX 2060 SUPER' (Feature Level 11_0)
[2023.09.15-12.44.36:119][  0]LogD3D11RHI:       8019/0/8159 MB DedicatedVideo/DedicatedSystem/SharedSystem, Outputs:1, VendorId:0x10de
[2023.09.15-12.44.36:121][  0]LogD3D11RHI:    1. 'Microsoft Basic Render Driver' (Feature Level 11_0)
[2023.09.15-12.44.36:121][  0]LogD3D11RHI:       0/0/8159 MB DedicatedVideo/DedicatedSystem/SharedSystem, Outputs:0, VendorId:0x1414
[2023.09.15-12.44.36:121][  0]LogD3D11RHI: Chosen D3D11 Adapter:
[2023.09.15-12.44.36:121][  0]LogD3D11RHI:     Description : NVIDIA GeForce RTX 2060 SUPER
[2023.09.15-12.44.36:121][  0]LogD3D11RHI:     VendorId    : 10de
[2023.09.15-12.44.36:121][  0]LogD3D11RHI:     DeviceId    : 1f06
[2023.09.15-12.44.36:121][  0]LogD3D11RHI:     SubSysId    : c7521462
[2023.09.15-12.44.36:121][  0]LogD3D11RHI:     Revision    : 00a1
[2023.09.15-12.44.36:121][  0]LogD3D11RHI:     DedicatedVideoMemory : 8408530944 bytes
[2023.09.15-12.44.36:121][  0]LogD3D11RHI:     DedicatedSystemMemory : 0 bytes
[2023.09.15-12.44.36:121][  0]LogD3D11RHI:     SharedSystemMemory : 8556132352 bytes
[2023.09.15-12.44.36:121][  0]LogD3D11RHI:     AdapterLuid : 0 51213
[2023.09.15-12.44.36:125][  0]LogD3D11RHI: Creating new Direct3DDevice
[2023.09.15-12.44.36:125][  0]LogD3D11RHI:     GPU DeviceId: 0x1f06 (for the marketing name, search the web for "GPU Device Id")
[2023.09.15-12.44.36:125][  0]LogWindows: EnumDisplayDevices:
[2023.09.15-12.44.36:126][  0]LogWindows:    0. 'NVIDIA GeForce RTX 2060 SUPER' (P:1 D:1)
[2023.09.15-12.44.36:126][  0]LogWindows:    1. 'NVIDIA GeForce RTX 2060 SUPER' (P:0 D:0)
[2023.09.15-12.44.36:126][  0]LogWindows:    2. 'NVIDIA GeForce RTX 2060 SUPER' (P:0 D:0)
[2023.09.15-12.44.36:126][  0]LogWindows:    3. 'NVIDIA GeForce RTX 2060 SUPER' (P:0 D:0)
[2023.09.15-12.44.36:126][  0]LogWindows: DebugString: FoundDriverCount:4 
[2023.09.15-12.44.36:126][  0]LogD3D11RHI:     Adapter Name: NVIDIA GeForce RTX 2060 SUPER
[2023.09.15-12.44.36:126][  0]LogD3D11RHI:   Driver Version: 536.23 (internal:31.0.15.3623, unified:536.23)
[2023.09.15-12.44.36:126][  0]LogD3D11RHI:      Driver Date: 6-8-2023
[2023.09.15-12.44.36:126][  0]LogRHI: Texture pool is 5613 MB (70% of 8019 MB)
[2023.09.15-12.44.36:126][  0]LogD3D11RHI: Creating D3DDevice using adapter:
[2023.09.15-12.44.36:126][  0]LogD3D11RHI:     Description : NVIDIA GeForce RTX 2060 SUPER
[2023.09.15-12.44.36:126][  0]LogD3D11RHI:     VendorId    : 10de
[2023.09.15-12.44.36:126][  0]LogD3D11RHI:     DeviceId    : 1f06
[2023.09.15-12.44.36:126][  0]LogD3D11RHI:     SubSysId    : c7521462
[2023.09.15-12.44.36:126][  0]LogD3D11RHI:     Revision    : 00a1
[2023.09.15-12.44.36:126][  0]LogD3D11RHI:     DedicatedVideoMemory : 8408530944 bytes
[2023.09.15-12.44.36:126][  0]LogD3D11RHI:     DedicatedSystemMemory : 0 bytes
[2023.09.15-12.44.36:126][  0]LogD3D11RHI:     SharedSystemMemory : 8556132352 bytes
[2023.09.15-12.44.36:126][  0]LogD3D11RHI:     AdapterLuid : 0 51213
[2023.09.15-12.44.36:214][  0]LogD3D11RHI: RHI has support for 64 bit atomics
[2023.09.15-12.44.36:214][  0]LogD3D11RHI: Async texture creation enabled
[2023.09.15-12.44.36:214][  0]LogD3D11RHI: Array index from any shader is supported
[2023.09.15-12.44.36:234][  0]LogD3D11RHI: GPU Timing Frequency: 1000.000000 (Debug: 2 1)
[2023.09.15-12.44.36:271][  0]LogRHI: GeForceNow SDK initialized: 1
[2023.09.15-12.44.36:524][  0]LogTargetPlatformManager: Display: Loaded TargetPlatform 'AllDesktop'
[2023.09.15-12.44.36:544][  0]LogTargetPlatformManager: Display: Loaded TargetPlatform 'Android'
[2023.09.15-12.44.36:544][  0]LogTargetPlatformManager: Display: Loaded TargetPlatform 'Android_ASTC'
[2023.09.15-12.44.36:544][  0]LogTargetPlatformManager: Display: Loaded TargetPlatform 'Android_DXT'
[2023.09.15-12.44.36:544][  0]LogTargetPlatformManager: Display: Loaded TargetPlatform 'Android_ETC2'
[2023.09.15-12.44.36:544][  0]LogTargetPlatformManager: Display: Loaded TargetPlatform 'AndroidClient'
[2023.09.15-12.44.36:544][  0]LogTargetPlatformManager: Display: Loaded TargetPlatform 'Android_ASTCClient'
[2023.09.15-12.44.36:544][  0]LogTargetPlatformManager: Display: Loaded TargetPlatform 'Android_DXTClient'
[2023.09.15-12.44.36:544][  0]LogTargetPlatformManager: Display: Loaded TargetPlatform 'Android_ETC2Client'
[2023.09.15-12.44.36:544][  0]LogTargetPlatformManager: Display: Loaded TargetPlatform 'Android_Multi'
[2023.09.15-12.44.36:544][  0]LogTargetPlatformManager: Display: Loaded TargetPlatform 'Android_MultiClient'
[2023.09.15-12.44.36:560][  0]LogTargetPlatformManager: Display: Loaded TargetPlatform 'IOSClient'
[2023.09.15-12.44.36:560][  0]LogTargetPlatformManager: Display: Loaded TargetPlatform 'IOS'
[2023.09.15-12.44.36:569][  0]LogTargetPlatformManager: Display: Loaded TargetPlatform 'Linux'
[2023.09.15-12.44.36:573][  0]LogTargetPlatformManager: Display: Loaded TargetPlatform 'LinuxNoEditor'
[2023.09.15-12.44.36:579][  0]LogTargetPlatformManager: Display: Loaded TargetPlatform 'LinuxClient'
[2023.09.15-12.44.36:583][  0]LogTargetPlatformManager: Display: Loaded TargetPlatform 'LinuxServer'
[2023.09.15-12.44.36:595][  0]LogTargetPlatformManager: Display: Loaded TargetPlatform 'LinuxAArch64NoEditor'
[2023.09.15-12.44.36:599][  0]LogTargetPlatformManager: Display: Loaded TargetPlatform 'LinuxAArch64Client'
[2023.09.15-12.44.36:604][  0]LogTargetPlatformManager: Display: Loaded TargetPlatform 'LinuxAArch64Server'
[2023.09.15-12.44.36:629][  0]LogTargetPlatformManager: Display: Loaded TargetPlatform 'Lumin'
[2023.09.15-12.44.36:629][  0]LogTargetPlatformManager: Display: Loaded TargetPlatform 'LuminClient'
[2023.09.15-12.44.36:637][  0]LogTargetPlatformManager: Display: Loaded TargetPlatform 'MacNoEditor'
[2023.09.15-12.44.36:641][  0]LogTargetPlatformManager: Display: Loaded TargetPlatform 'Mac'
[2023.09.15-12.44.36:645][  0]LogTargetPlatformManager: Display: Loaded TargetPlatform 'MacClient'
[2023.09.15-12.44.36:649][  0]LogTargetPlatformManager: Display: Loaded TargetPlatform 'MacServer'
[2023.09.15-12.44.36:658][  0]LogTargetPlatformManager: Display: Loaded TargetPlatform 'TVOSClient'
[2023.09.15-12.44.36:658][  0]LogTargetPlatformManager: Display: Loaded TargetPlatform 'TVOS'
[2023.09.15-12.44.36:666][  0]LogTargetPlatformManager: Display: Loaded TargetPlatform 'WindowsNoEditor'
[2023.09.15-12.44.36:671][  0]LogTargetPlatformManager: Display: Loaded TargetPlatform 'Windows'
[2023.09.15-12.44.36:675][  0]LogTargetPlatformManager: Display: Loaded TargetPlatform 'WindowsClient'
[2023.09.15-12.44.36:680][  0]LogTargetPlatformManager: Display: Loaded TargetPlatform 'WindowsServer'
[2023.09.15-12.44.36:680][  0]LogTargetPlatformManager: Display: Building Assets For Windows
[2023.09.15-12.44.36:687][  0]LogAudioDebug: Display: Lib vorbis DLL was dynamically loaded.
[2023.09.15-12.44.36:714][  0]LogTextureFormatOodle: Display: Oodle Texture 2.9.0 init RDO Off
[2023.09.15-12.44.36:743][  0]LogRendererCore: Ray tracing is disabled. Reason: r.RayTracing=0.
[2023.09.15-12.44.36:743][  0]LogShaderCompilers: Guid format shader working directory is -9 characters bigger than the processId version (C:/Users/Pedro Celli/Documents/GitHub/Forest-Game/Forest_Game/Intermediate/Shaders/WorkingDirectory/6904/).
[2023.09.15-12.44.36:743][  0]LogShaderCompilers: Cleaned the shader compiler working directory 'C:/Users/Pedro Celli/AppData/Local/Temp/UnrealShaderWorkingDir/DAA8E3C44953E30A400365B08D61D9AE/'.
[2023.09.15-12.44.36:743][  0]LogXGEController: Cannot use XGE Controller as Incredibuild is not installed on this machine.
[2023.09.15-12.44.36:743][  0]LogShaderCompilers: Cannot use XGE Shader Compiler as Incredibuild is not installed on this machine.
[2023.09.15-12.44.36:743][  0]LogShaderCompilers: Display: Using Local Shader Compiler.
[2023.09.15-12.44.37:397][  0]LogDerivedDataCache: Display: Max Cache Size: 512 MB
[2023.09.15-12.44.37:453][  0]LogDerivedDataCache: Loaded boot cache 0.06s 103MB C:/Users/Pedro Celli/AppData/Local/UnrealEngine/4.27/DerivedDataCache/Boot.ddc.
[2023.09.15-12.44.37:453][  0]LogDerivedDataCache: Display: Loaded Boot cache: C:/Users/Pedro Celli/AppData/Local/UnrealEngine/4.27/DerivedDataCache/Boot.ddc
[2023.09.15-12.44.37:454][  0]LogDerivedDataCache: FDerivedDataBackendGraph:  Pak pak cache file C:/Users/Pedro Celli/Documents/GitHub/Forest-Game/Forest_Game/DerivedDataCache/DDC.ddp not found, will not use a pak cache.
[2023.09.15-12.44.37:454][  0]LogDerivedDataCache: Unable to find inner node Pak for hierarchical cache Hierarchy.
[2023.09.15-12.44.37:454][  0]LogDerivedDataCache: FDerivedDataBackendGraph:  CompressedPak pak cache file C:/Users/Pedro Celli/Documents/GitHub/Forest-Game/Forest_Game/DerivedDataCache/Compressed.ddp not found, will not use a pak cache.
[2023.09.15-12.44.37:454][  0]LogDerivedDataCache: Unable to find inner node CompressedPak for hierarchical cache Hierarchy.
[2023.09.15-12.44.37:469][  0]LogDerivedDataCache: Display: Pak cache opened for reading ../../../Engine/DerivedDataCache/Compressed.ddp.
[2023.09.15-12.44.37:469][  0]LogDerivedDataCache: FDerivedDataBackendGraph:  EnterprisePak pak cache file ../../../Enterprise/DerivedDataCache/Compressed.ddp not found, will not use a pak cache.
[2023.09.15-12.44.37:469][  0]LogDerivedDataCache: Unable to find inner node EnterprisePak for hierarchical cache Hierarchy.
[2023.09.15-12.44.37:474][  0]LogDerivedDataCache: Speed tests for C:/Users/Pedro Celli/AppData/Local/UnrealEngine/Common/DerivedDataCache took 0.01 seconds
[2023.09.15-12.44.37:474][  0]LogDerivedDataCache: Display: Performance to C:/Users/Pedro Celli/AppData/Local/UnrealEngine/Common/DerivedDataCache: Latency=0.04ms. RandomReadSpeed=1226.34MBs, RandomWriteSpeed=228.18MBs. Assigned SpeedClass 'Local'
[2023.09.15-12.44.37:475][  0]LogDerivedDataCache: Using Local data cache path C:/Users/Pedro Celli/AppData/Local/UnrealEngine/Common/DerivedDataCache: Writable
[2023.09.15-12.44.37:475][  0]LogDerivedDataCache: Shared data cache path not found in *engine.ini, will not use an Shared cache.
[2023.09.15-12.44.37:475][  0]LogDerivedDataCache: Unable to find inner node Shared for hierarchical cache Hierarchy.
[2023.09.15-12.44.37:515][  0]LogSlate: Using FreeType 2.10.0
[2023.09.15-12.44.37:515][  0]LogSlate: SlateFontServices - WITH_FREETYPE: 1, WITH_HARFBUZZ: 1
[2023.09.15-12.44.37:536][  0]LogAssetRegistry: FAssetRegistry took 0.0023 seconds to start up
[2023.09.15-12.44.37:734][  0]LogInit: Selected Device Profile: [Windows]
[2023.09.15-12.44.37:734][  0]LogInit: Active device profile: [0000028D3BF25400][0000028D3C794D80 49] Windows
[2023.09.15-12.44.37:734][  0]LogInit: Profiles: [0000028D3BF25400][0000028D3C794D80 49] Windows, [0000028D3BEBF300][0000028D3C79CF00 49] WindowsNoEditor, [0000028D3BF24E00][0000028D3C7A1080 49] WindowsServer, [0000028D3BEBCF00][0000028D3C7A5200 49] WindowsClient, [0000028D3BF26700][0000028D3C7A9380 49] IOS, [0000028D3BEA7F00][0000028D3C7AD500 49] iPadAir, [0000028D3BEBC300][0000028D3C7B1680 49] iPadAir2, [0000028D3BE6C800][0000028D3C7B9940 49] IPadPro, [0000028D3BE6C900][0000028D3C7B5980 49] iPadAir3, [0000028D3BEA4100][0000028D3C7BDB00 49] iPadAir4, [0000028D3BE6EF00][0000028D3C7C0100 49] iPadMini2, [0000028D3BEA6600][0000028D3C7C4280 49] iPadMini3, [0000028D3BE6F800][0000028D3C7C8400 49] iPadMini4, [0000028D3BEA4A00][0000028D3C7CC580 49] iPadMini5, [0000028D3BF25D00][0000028D3C7D4840 49] iPhone6, [0000028D3BF25F00][0000028D3C7D0880 49] iPodTouch6, [0000028D3BE6BE00][0000028D3C7D8AC0 49] iPhone7, [0000028D3BE6BF00][0000028D3C798B00 49] iPodTouch7, [0000028D3BE6FD00][0000028D3C7DCC40 49] iPhone5S, [0000028D3BE69800][0000028D3C7E0D80 49] iPhone6Plus, [0000028D3BE6C700][0000028D3C7E8F00 49] iPhone6S, [0000028D3BE6B200][0000028D3C7ED080 49] iPhone6SPlus, [0000028D3BF27C00][0000028D3C7F1200 49] iPhone7Plus, [0000028D3BE68600][0000028D3C7F5380 49] iPhoneSE, [0000028D3BF26500][0000028D3C7F9500 49] iPhone8, [0000028D3BE69D00][0000028D3C7FD680 49] iPhone8Plus, [0000028D3BF26900][0000028D3C801800 49] iPhoneX, [0000028D3BE6AB00][0000028D3C805980 49] iPhoneXS, [0000028D3BF24C00][0000028D3C809B00 49] iPhoneXSMax, [0000028D3BE68900][0000028D3C80C100 49] iPhoneXR, [0000028D3BF27500][0000028D3C810280 49] iPhone11, [0000028D3BE6BD00][0000028D3C814400 49] iPhone11Pro, [0000028D3BF27300][0000028D3C818580 49] iPhone11ProMax, [0000028D3BE6A000][0000028D3C81C700 49] iPhoneSE2, [0000028D3BF26D00][0000028D3C820880 49] iPhone12Mini, [0000028D3BE69300][0000028D3C824A00 49] iPhone12, [0000028D3BF27600][0000028D3C7E4B40 49] iPhone12Pro, [0000028D3BE6B000][0000028D3C828C80 49] iPhone12ProMax, [0000028D3BF27200][0000028D3C82CDC0 49] iPadPro105, [0000028D3BE68700][0000028D3C834F00 49] iPadPro129, [0000028D3BF27100][0000028D3C841080 49] iPadPro97, [0000028D3BE6B300][0000028D3C845200 49] iPadPro2_129, [0000028D3BF25B00][0000028D3C849380 49] iPad5, [0000028D3BE68200][0000028D3C84D500 49] iPad6, [0000028D3BF24400][0000028D3C851680 49] iPad7, [0000028D3BE6A300][0000028D3C855800 49] iPad8, [0000028D3BF25C00][0000028D3C859980 49] iPadPro11, [0000028D3BE6A600][0000028D3C85DB00 49] iPadPro2_11, [0000028D3BF27700][0000028D3C8DC100 49] iPadPro3_129, [0000028D3BE6A400][0000028D3C8E0280 49] iPadPro4_129, [0000028D3BF24500][0000028D3C8E4400 49] AppleTV, [0000028D3BE6A500][0000028D3C8E8580 49] AppleTV4K, [0000028D3BF24200][0000028D3C8EC700 49] TVOS, [0000028D3BE6A200][0000028D3C8F0880 49] Mac, [0000028D3BF26400][0000028D3C8F4A00 49] MacClient, [0000028D3BE69000][0000028D3C8F8B80 49] MacNoEditor, [0000028D3BF26E00][0000028D3C8FCD00 49] MacServer, [0000028D3BE6A100][0000028D3C83CE40 49] Linux, [0000028D3BF25300][0000028D3C900F80 49] LinuxAArch64, [0000028D3BE68D00][0000028D3C9150C0 49] LinuxNoEditor, [0000028D3BF27400][0000028D3C925240 49] LinuxAArch64NoEditor, [0000028D3BE6A800][0000028D3C9353C0 49] LinuxClient, [0000028D3BF25600][0000028D3C939540 49] LinuxAArch64Client, [0000028D3BE6A900][0000028D3C9496C0 49] LinuxServer, [0000028D3BF24F00][0000028D3C94D840 49] LinuxAArch64Server, [0000028D3BE68B00][0000028D3C9519C0 49] Android, [0000028D3BF24100][0000028D3C955B40 49] Android_Low, [0000028D3BEBD700][0000028D3C958140 49] Android_Mid, [0000028D3BE6DE00][0000028D3C95C2C0 49] Android_High, [0000028D3BEBE100][0000028D3C960440 49] Android_Default, [0000028D3BE6FC00][0000028D3C9645C0 49] Android_Adreno4xx, [0000028D3BEBFC00][0000028D3C968740 49] Android_Adreno5xx_Low, [0000028D3BE6DA00][0000028D3C96C8C0 49] Android_Adreno5xx, [0000028D3BEBD600][0000028D3C970A40 49] Android_Adreno6xx, [0000028D3BE6D900][0000028D3C974BC0 49] Android_Adreno6xx_Vulkan, [0000028D3BEBFB00][0000028D3C978D40 49] Android_Mali_T6xx, [0000028D3BE6F400][0000028D3C97CEC0 49] Android_Mali_T7xx, [0000028D3BEBFA00][0000028D3C921000 49] Android_Mali_T8xx, [0000028D3BE6F900][0000028D3C981140 49] Android_Mali_G71, [0000028D3BEBE000][0000028D3C985280 49] Android_Mali_G72, [0000028D3BE6D400][0000028D3C9893C0 49] Android_Mali_G72_Vulkan, [0000028D3BEBEE00][0000028D3C991540 49] Android_Mali_G76, [0000028D3BE6C500][0000028D3C9956C0 49] Android_Mali_G76_Vulkan, [0000028D3BEBD300][0000028D3C999840 49] Android_Mali_G77, [0000028D3BE6E100][0000028D3C99D9C0 49] Android_Mali_G77_Vulkan, [0000028D3BEBEA00][0000028D3C9A1B40 49] Android_Mali_G78, [0000028D3BE6EC00][0000028D3C9A4140 49] Android_Mali_G78_Vulkan, [0000028D3BEBDD00][0000028D3C9A82C0 49] Android_Mali_G710, [0000028D3BE6E500][0000028D3C9AC440 49] Android_Mali_G710_Vulkan, [0000028D3BEBD200][0000028D3C9B05C0 49] Android_Vulkan_SM5, [0000028D3BE6D700][0000028D3C9B4740 49] Android_PowerVR_G6xxx, [0000028D3BEBE800][0000028D3C9B88C0 49] Android_PowerVR_GT7xxx, [0000028D3BE6CC00][0000028D3C9BCA40 49] Android_PowerVR_GE8xxx, [0000028D3BEBE200][0000028D3C9C0BC0 49] Android_PowerVR_GM9xxx, [0000028D3BE6E600][0000028D3C9C4D40 49] Android_PowerVR_GM9xxx_Vulkan, [0000028D3BEBC100][0000028D3C9C8EC0 49] Android_TegraK1, [0000028D3BE6CD00][0000028D3C9CD040 49] Android_Unknown_Vulkan, [0000028D3BEBF500][0000028D3C98D180 49] Lumin, [0000028D3BE6FA00][0000028D3C9D12C0 49] Lumin_Desktop, [0000028D3BF26100][0000028D3C9D5400 49] HoloLens, 
[2023.09.15-12.44.37:842][  0]LogMeshReduction: Using QuadricMeshReduction for automatic static mesh reduction
[2023.09.15-12.44.37:842][  0]LogMeshReduction: Using SimplygonMeshReduction for automatic skeletal mesh reduction
[2023.09.15-12.44.37:842][  0]LogMeshReduction: Using ProxyLODMeshReduction for automatic mesh merging
[2023.09.15-12.44.37:842][  0]LogMeshReduction: No distributed automatic mesh merging module available
[2023.09.15-12.44.37:842][  0]LogMeshMerging: No distributed automatic mesh merging module available
[2023.09.15-12.44.37:856][  0]LogNetVersion: Forest_Game 1.0.0, NetCL: 17155196, EngineNetVer: 17, GameNetVer: 0 (Checksum: 1171189292)
[2023.09.15-12.44.38:243][  0]LogTexture: Default maximum texture size for cubemaps generated from long-lat sources has been changed from 512 to unlimited. In order to preserve old behaiour for '/Engine/MapTemplates/Sky/DaylightAmbientCubemap.DaylightAmbientCubemap', its maximum texture size has been explicitly set to 512.
[2023.09.15-12.44.38:292][  0]LogHMD: PokeAHoleMaterial loaded successfully
[2023.09.15-12.44.38:299][  0]LogUObjectArray: 17178 objects as part of root set at end of initial load.
[2023.09.15-12.44.38:299][  0]LogUObjectAllocator: 4302048 out of 0 bytes used by permanent object pool.
[2023.09.15-12.44.38:299][  0]LogUObjectArray: CloseDisregardForGC: 0/0 objects in disregard for GC pool
[2023.09.15-12.44.38:537][  0]LogNiagaraDebuggerClient: Niagara Debugger Client Initialized | Session: 34D1FB734F77AA8F59F678B028C77A6D | Instance: 2846DA774F057C8B0C87D9B39863DC3F (DESKTOP-TTC6GEI-6904).
[2023.09.15-12.44.38:566][  0]LogPython: Using Python 3.7.7
[2023.09.15-12.44.39:078][  0]LogUdpMessaging: Initializing bridge on interface 0.0.0.0:0 to multicast group 230.0.0.1:6666.
[2023.09.15-12.44.39:087][  0]LogTcpMessaging: Initializing TcpMessaging bridge
[2023.09.15-12.44.41:777][  0]SourceControl: Source control is disabled
[2023.09.15-12.44.41:777][  0]SourceControl: Source control is disabled
[2023.09.15-12.44.41:780][  0]SourceControl: Source control is disabled
[2023.09.15-12.44.41:784][  0]SourceControl: Source control is disabled
[2023.09.15-12.44.41:790][  0]SourceControl: Source control is disabled
[2023.09.15-12.44.41:795][  0]LogUProjectInfo: Found projects:
[2023.09.15-12.44.41:984][  0]LogOpenImageDenoise: OIDN starting up
[2023.09.15-12.44.42:022][  0]LogAndroidPermission: UAndroidPermissionCallbackProxy::GetInstance
[2023.09.15-12.44.42:042][  0]LogAudioCaptureCore: Display: No Audio Capture implementations found. Audio input will be silent.
[2023.09.15-12.44.42:042][  0]LogAudioCaptureCore: Display: No Audio Capture implementations found. Audio input will be silent.
[2023.09.15-12.44.42:155][  0]LogCollectionManager: Loaded 0 collections in 0.000654 seconds
[2023.09.15-12.44.42:176][  0]LogFileCache: Scanning file cache for directory 'C:/Users/Pedro Celli/Documents/GitHub/Forest-Game/Forest_Game/Saved/Collections/' took 0.00s
[2023.09.15-12.44.42:176][  0]LogFileCache: Scanning file cache for directory 'C:/Users/Pedro Celli/Documents/GitHub/Forest-Game/Forest_Game/Content/Developers/PedroCelli/Collections/' took 0.00s
[2023.09.15-12.44.42:176][  0]LogFileCache: Scanning file cache for directory 'C:/Users/Pedro Celli/Documents/GitHub/Forest-Game/Forest_Game/Content/Collections/' took 0.00s
[2023.09.15-12.44.42:176][  0]LogOcInput: OculusInput pre-init called
[2023.09.15-12.44.42:384][  0]LogEngine: Initializing Engine...
[2023.09.15-12.44.42:890][  0]LogHMD: Failed to enumerate extensions. Please check that you have a valid OpenXR runtime installed.
[2023.09.15-12.44.42:890][  0]LogHMD: Failed to initialize OpenVR with code 110
[2023.09.15-12.44.42:958][  0]LogMagicLeap: Warning: VR disabled because ZI is not enabled.  To enable, in the editor, Edit -> Project Settings -> Plugins -> Magic Leap Plugin -> Enable Zero Iteration
[2023.09.15-12.44.42:959][  0]LogStats: UGameplayTagsManager::InitializeManager -  0.000 s
[2023.09.15-12.44.43:078][  0]LogInit: Initializing FReadOnlyCVARCache
[2023.09.15-12.44.43:086][  0]LogAIModule: Creating AISystem for world Untitled
[2023.09.15-12.44.43:086][  0]LogAudio: Display: Initializing Audio Device Manager...
[2023.09.15-12.44.43:089][  0]LogAudio: Display: Loading Default Audio Settings Objects...
[2023.09.15-12.44.43:090][  0]LogAudio: Display: No default SoundConcurrencyObject specified (or failed to load).
[2023.09.15-12.44.43:090][  0]LogAudio: Display: Audio Device Manager Initialized
[2023.09.15-12.44.43:090][  0]LogAudio: Display: Creating Audio Device:                 Id: 1, Scope: Shared, Realtime: True
[2023.09.15-12.44.43:090][  0]LogAudioMixer: Display: Audio Mixer Platform Settings:
[2023.09.15-12.44.43:090][  0]LogAudioMixer: Display: 	Sample Rate:						  48000
[2023.09.15-12.44.43:090][  0]LogAudioMixer: Display: 	Callback Buffer Frame Size Requested: 1024
[2023.09.15-12.44.43:090][  0]LogAudioMixer: Display: 	Callback Buffer Frame Size To Use:	  1024
[2023.09.15-12.44.43:090][  0]LogAudioMixer: Display: 	Number of buffers to queue:			  2
[2023.09.15-12.44.43:090][  0]LogAudioMixer: Display: 	Max Channels (voices):				  32
[2023.09.15-12.44.43:090][  0]LogAudioMixer: Display: 	Number of Async Source Workers:		  0
[2023.09.15-12.44.43:090][  0]LogAudio: Display: AudioDevice MaxSources: 32
[2023.09.15-12.44.43:090][  0]LogAudio: Display: Audio Spatialization Plugin: None (built-in).
[2023.09.15-12.44.43:090][  0]LogAudio: Display: Audio Reverb Plugin: None (built-in).
[2023.09.15-12.44.43:090][  0]LogAudio: Display: Audio Occlusion Plugin: None (built-in).
[2023.09.15-12.44.43:090][  0]LogAudioMixer: Display: Initializing audio mixer.
[2023.09.15-12.44.43:098][  0]LogAudioMixer: Display: 0: FrontLeft
[2023.09.15-12.44.43:098][  0]LogAudioMixer: Display: 1: FrontRight
[2023.09.15-12.44.43:134][  0]LogAudioMixer: Display: Using Audio Device Alto-falantes (Realtek(R) Audio)
[2023.09.15-12.44.43:134][  0]LogAudioMixer: Display: Initializing Sound Submixes...
[2023.09.15-12.44.43:137][  0]LogAudioMixer: Display: Creating Master Submix 'MasterSubmixDefault'
[2023.09.15-12.44.43:137][  0]LogAudioMixer: Display: Creating Master Submix 'MasterReverbSubmixDefault'
[2023.09.15-12.44.43:138][  0]LogAudioMixer: Display: Creating Master Submix 'MasterEQSubmixDefault'
[2023.09.15-12.44.43:138][  0]LogAudioMixer: FMixerPlatformXAudio2::StartAudioStream() called
[2023.09.15-12.44.43:138][  0]LogAudioMixer: Display: Output buffers initialized: Frames=1024, Channels=2, Samples=2048
[2023.09.15-12.44.43:138][  0]LogAudioMixer: Display: Starting AudioMixerPlatformInterface::RunInternal()
[2023.09.15-12.44.43:139][  0]LogAudioMixer: Display: FMixerPlatformXAudio2::SubmitBuffer() called for the first time
[2023.09.15-12.44.43:139][  0]LogInit: FAudioDevice initialized.
[2023.09.15-12.44.43:139][  0]LogAudio: Display: Audio Device (ID: 1) registered with world 'Untitled'.
[2023.09.15-12.44.43:139][  0]LogNetVersion: Set ProjectVersion to 1.0.0.0. Version Checksum will be recalculated on next use.
[2023.09.15-12.44.43:236][  0]LogDerivedDataCache: Saved boot cache 0.10s 103MB C:/Users/Pedro Celli/AppData/Local/UnrealEngine/4.27/DerivedDataCache/Boot.ddc.
[2023.09.15-12.44.43:236][  0]LogInit: Texture streaming: Enabled
[2023.09.15-12.44.43:248][  0]LogAnalytics: Display: [UEEditor.Rocket.Release] APIServer = https://datarouter.ol.epicgames.com/. AppVersion = 4.27.2-18319896+++UE4+Release-4.27
[2023.09.15-12.44.43:250][  0]LogEngineSessionManager: EngineSessionManager initialized
[2023.09.15-12.44.43:250][  0]LogEditorSessionSummary: Verbose: Initializing EditorSessionSummaryWriter for editor session tracking
[2023.09.15-12.44.43:252][  0]LogEditorSessionSummary: EditorSessionSummaryWriter initialized
[2023.09.15-12.44.43:274][  0]LogInit: Transaction tracking system initialized
[2023.09.15-12.44.43:291][  0]BlueprintLog: New page: Editor Load
[2023.09.15-12.44.43:341][  0]LocalizationService: Localization service is disabled
[2023.09.15-12.44.43:364][  0]TimingProfiler: Initialize
[2023.09.15-12.44.43:364][  0]TimingProfiler: OnSessionChanged
[2023.09.15-12.44.43:364][  0]LoadingProfiler: Initialize
[2023.09.15-12.44.43:364][  0]LoadingProfiler: OnSessionChanged
[2023.09.15-12.44.43:364][  0]NetworkingProfiler: Initialize
[2023.09.15-12.44.43:364][  0]NetworkingProfiler: OnSessionChanged
[2023.09.15-12.44.43:364][  0]MemoryProfiler: Initialize
[2023.09.15-12.44.43:365][  0]MemoryProfiler: OnSessionChanged
[2023.09.15-12.44.43:623][  0]LogCook: Display: CookSettings for Memory: MemoryMaxUsedVirtual 0MiB, MemoryMaxUsedPhysical 16384MiB, MemoryMinFreeVirtual 0MiB, MemoryMinFreePhysical 1024MiB
[2023.09.15-12.44.43:623][  0]LogCook: Display: Mobile HDR setting 1
[2023.09.15-12.44.43:627][  0]LogFileCache: Scanning file cache for directory 'C:/Users/Pedro Celli/Documents/GitHub/Forest-Game/Forest_Game/Content/' took 0.01s
[2023.09.15-12.44.43:942][  0]LogInit: Display: Engine is initialized. Leaving FEngineLoop::Init()
[2023.09.15-12.44.43:944][  0]SourceControl: Source control is disabled
[2023.09.15-12.44.43:944][  0]LogUnrealEdMisc: Loading editor; pre map load, took 9.543
[2023.09.15-12.44.43:944][  0]Cmd: MAP LOAD FILE="C:/Users/Pedro Celli/Documents/GitHub/Forest-Game/Forest_Game/Content/ThirdPersonCPP/Maps/ThirdPersonExampleMap.umap" TEMPLATE=0 SHOWPROGRESS=1 FEATURELEVEL=3
[2023.09.15-12.44.43:945][  0]LightingResults: New page: Lighting Build
[2023.09.15-12.44.43:946][  0]LogWorld: UWorld::CleanupWorld for Untitled, bSessionEnded=true, bCleanupResources=true
[2023.09.15-12.44.43:946][  0]LogSlate: InvalidateAllWidgets triggered.  All widgets were invalidated
[2023.09.15-12.44.43:946][  0]MapCheck: New page: Map Check
[2023.09.15-12.44.43:946][  0]LightingResults: New page: Lighting Build
[2023.09.15-12.44.43:950][  0]LogAudio: Display: Audio Device unregistered from world 'None'.
[2023.09.15-12.44.43:953][  0]LogUObjectHash: Compacting FUObjectHashTables data took   0.70ms
[2023.09.15-12.44.45:207][  0]LogAudio: Display: Audio Device (ID: 1) registered with world 'ThirdPersonExampleMap'.
[2023.09.15-12.44.45:208][  0]LogAIModule: Creating AISystem for world ThirdPersonExampleMap
[2023.09.15-12.44.46:931][  0]LogEditorServer: Finished looking for orphan Actors (0.000 secs)
[2023.09.15-12.44.47:103][  0]LogUObjectHash: Compacting FUObjectHashTables data took   0.63ms
[2023.09.15-12.44.47:103][  0]Cmd: MAP CHECKDEP NOCLEARLOG
[2023.09.15-12.44.47:103][  0]MapCheck: Map check complete: 0 Error(s), 0 Warning(s), took 0.157ms to complete.
[2023.09.15-12.44.47:103][  0]LogFileHelpers: Loading map 'ThirdPersonExampleMap' took 3.159
[2023.09.15-12.44.47:106][  0]LogUnrealEdMisc: Total Editor Startup Time, took 12.704
[2023.09.15-12.44.50:781][  0]LogSlate: Updating window title bar state: overlay mode, drag disabled, window buttons hidden, title bar hidden
[2023.09.15-12.44.50:956][  0]LogSlate: Updating window title bar state: overlay mode, drag disabled, window buttons hidden, title bar hidden
[2023.09.15-12.44.50:961][  0]LogSlate: Updating window title bar state: overlay mode, drag disabled, window buttons hidden, title bar hidden
[2023.09.15-12.44.50:966][  0]LogSlate: Updating window title bar state: overlay mode, drag disabled, window buttons hidden, title bar hidden
[2023.09.15-12.44.52:304][  0]LogNativeClassHierarchy: Verbose: Native class hierarchy populated in 0.0116 seconds. Added 3824 classes and 930 folders.
[2023.09.15-12.44.52:517][  0]LogNativeClassHierarchy: Verbose: Native class hierarchy updated for 'WidgetCarousel' in 0.0002 seconds. Added 0 classes and 0 folders.
[2023.09.15-12.44.53:299][  0]LogPakFile: PakFile PrimaryIndexSize=187
[2023.09.15-12.44.53:299][  0]LogPakFile: PakFile PathHashIndexSize=101
[2023.09.15-12.44.53:299][  0]LogPakFile: PakFile FullDirectoryIndexSize=148
[2023.09.15-12.44.53:299][  0]LogShaderLibrary: Display: ShaderCodeLibraryPakFileMountedCallback: PakFile 'D:/UE_4.27/FeaturePacks/FP_FirstPerson.upack' (chunk index -1, root 'root:/') mounted
[2023.09.15-12.44.53:299][  0]LogShaderLibrary: Display: ShaderCodeLibraryPakFileMountedCallback: pending pak file info (ChunkID:-1 Root:root:/ File:D:/UE_4.27/FeaturePacks/FP_FirstPerson.upack)
[2023.09.15-12.44.53:299][  0]LogPakFile: OnPakFileMounted2Time == 0.000050
[2023.09.15-12.44.53:577][  0]LogPakFile: PakFile PrimaryIndexSize=189
[2023.09.15-12.44.53:577][  0]LogPakFile: PakFile PathHashIndexSize=101
[2023.09.15-12.44.53:577][  0]LogPakFile: PakFile FullDirectoryIndexSize=152
[2023.09.15-12.44.53:577][  0]LogShaderLibrary: Display: ShaderCodeLibraryPakFileMountedCallback: PakFile 'D:/UE_4.27/FeaturePacks/FP_FirstPersonBP.upack' (chunk index -1, root 'root:/') mounted
[2023.09.15-12.44.53:577][  0]LogShaderLibrary: Display: ShaderCodeLibraryPakFileMountedCallback: pending pak file info (ChunkID:-1 Root:root:/ File:D:/UE_4.27/FeaturePacks/FP_FirstPersonBP.upack)
[2023.09.15-12.44.53:577][  0]LogPakFile: OnPakFileMounted2Time == 0.000042
[2023.09.15-12.44.53:791][  0]LogPakFile: PakFile PrimaryIndexSize=191
[2023.09.15-12.44.53:791][  0]LogPakFile: PakFile PathHashIndexSize=101
[2023.09.15-12.44.53:791][  0]LogPakFile: PakFile FullDirectoryIndexSize=160
[2023.09.15-12.44.53:791][  0]LogShaderLibrary: Display: ShaderCodeLibraryPakFileMountedCallback: PakFile 'D:/UE_4.27/FeaturePacks/MobileStarterContent.upack' (chunk index -1, root 'root:/') mounted
[2023.09.15-12.44.53:791][  0]LogShaderLibrary: Display: ShaderCodeLibraryPakFileMountedCallback: pending pak file info (ChunkID:-1 Root:root:/ File:D:/UE_4.27/FeaturePacks/MobileStarterContent.upack)
[2023.09.15-12.44.53:791][  0]LogPakFile: OnPakFileMounted2Time == 0.000108
[2023.09.15-12.44.53:808][  0]LogPakFile: PakFile PrimaryIndexSize=185
[2023.09.15-12.44.53:808][  0]LogPakFile: PakFile PathHashIndexSize=101
[2023.09.15-12.44.53:808][  0]LogPakFile: PakFile FullDirectoryIndexSize=148
[2023.09.15-12.44.53:808][  0]LogShaderLibrary: Display: ShaderCodeLibraryPakFileMountedCallback: PakFile 'D:/UE_4.27/FeaturePacks/StarterContent.upack' (chunk index -1, root 'root:/') mounted
[2023.09.15-12.44.53:808][  0]LogShaderLibrary: Display: ShaderCodeLibraryPakFileMountedCallback: pending pak file info (ChunkID:-1 Root:root:/ File:D:/UE_4.27/FeaturePacks/StarterContent.upack)
[2023.09.15-12.44.53:808][  0]LogPakFile: OnPakFileMounted2Time == 0.000087
[2023.09.15-12.44.53:920][  0]LogPakFile: PakFile PrimaryIndexSize=190
[2023.09.15-12.44.53:920][  0]LogPakFile: PakFile PathHashIndexSize=101
[2023.09.15-12.44.53:920][  0]LogPakFile: PakFile FullDirectoryIndexSize=154
[2023.09.15-12.44.53:920][  0]LogShaderLibrary: Display: ShaderCodeLibraryPakFileMountedCallback: PakFile 'D:/UE_4.27/FeaturePacks/TP_2DSideScroller.upack' (chunk index -1, root 'root:/') mounted
[2023.09.15-12.44.53:920][  0]LogShaderLibrary: Display: ShaderCodeLibraryPakFileMountedCallback: pending pak file info (ChunkID:-1 Root:root:/ File:D:/UE_4.27/FeaturePacks/TP_2DSideScroller.upack)
[2023.09.15-12.44.53:920][  0]LogPakFile: OnPakFileMounted2Time == 0.000051
[2023.09.15-12.44.53:951][  0]LogPakFile: PakFile PrimaryIndexSize=192
[2023.09.15-12.44.53:951][  0]LogPakFile: PakFile PathHashIndexSize=101
[2023.09.15-12.44.53:951][  0]LogPakFile: PakFile FullDirectoryIndexSize=158
[2023.09.15-12.44.53:951][  0]LogShaderLibrary: Display: ShaderCodeLibraryPakFileMountedCallback: PakFile 'D:/UE_4.27/FeaturePacks/TP_2DSideScrollerBP.upack' (chunk index -1, root 'root:/') mounted
[2023.09.15-12.44.53:951][  0]LogShaderLibrary: Display: ShaderCodeLibraryPakFileMountedCallback: pending pak file info (ChunkID:-1 Root:root:/ File:D:/UE_4.27/FeaturePacks/TP_2DSideScrollerBP.upack)
[2023.09.15-12.44.53:951][  0]LogPakFile: OnPakFileMounted2Time == 0.000044
[2023.09.15-12.44.54:057][  0]LogPakFile: PakFile PrimaryIndexSize=182
[2023.09.15-12.44.54:057][  0]LogPakFile: PakFile PathHashIndexSize=101
[2023.09.15-12.44.54:057][  0]LogPakFile: PakFile FullDirectoryIndexSize=138
[2023.09.15-12.44.54:057][  0]LogShaderLibrary: Display: ShaderCodeLibraryPakFileMountedCallback: PakFile 'D:/UE_4.27/FeaturePacks/TP_Flying.upack' (chunk index -1, root 'root:/') mounted
[2023.09.15-12.44.54:057][  0]LogShaderLibrary: Display: ShaderCodeLibraryPakFileMountedCallback: pending pak file info (ChunkID:-1 Root:root:/ File:D:/UE_4.27/FeaturePacks/TP_Flying.upack)
[2023.09.15-12.44.54:057][  0]LogPakFile: OnPakFileMounted2Time == 0.000035
[2023.09.15-12.44.54:121][  0]LogPakFile: PakFile PrimaryIndexSize=184
[2023.09.15-12.44.54:121][  0]LogPakFile: PakFile PathHashIndexSize=101
[2023.09.15-12.44.54:121][  0]LogPakFile: PakFile FullDirectoryIndexSize=142
[2023.09.15-12.44.54:121][  0]LogShaderLibrary: Display: ShaderCodeLibraryPakFileMountedCallback: PakFile 'D:/UE_4.27/FeaturePacks/TP_FlyingBP.upack' (chunk index -1, root 'root:/') mounted
[2023.09.15-12.44.54:121][  0]LogShaderLibrary: Display: ShaderCodeLibraryPakFileMountedCallback: pending pak file info (ChunkID:-1 Root:root:/ File:D:/UE_4.27/FeaturePacks/TP_FlyingBP.upack)
[2023.09.15-12.44.54:121][  0]LogPakFile: OnPakFileMounted2Time == 0.000039
[2023.09.15-12.44.54:292][  0]LogPakFile: PakFile PrimaryIndexSize=188
[2023.09.15-12.44.54:292][  0]LogPakFile: PakFile PathHashIndexSize=101
[2023.09.15-12.44.54:292][  0]LogPakFile: PakFile FullDirectoryIndexSize=150
[2023.09.15-12.44.54:293][  0]LogShaderLibrary: Display: ShaderCodeLibraryPakFileMountedCallback: PakFile 'D:/UE_4.27/FeaturePacks/TP_HandheldARBP.upack' (chunk index -1, root 'root:/') mounted
[2023.09.15-12.44.54:293][  0]LogShaderLibrary: Display: ShaderCodeLibraryPakFileMountedCallback: pending pak file info (ChunkID:-1 Root:root:/ File:D:/UE_4.27/FeaturePacks/TP_HandheldARBP.upack)
[2023.09.15-12.44.54:293][  0]LogPakFile: OnPakFileMounted2Time == 0.000280
[2023.09.15-12.44.54:484][  0]LogPakFile: PakFile PrimaryIndexSize=182
[2023.09.15-12.44.54:484][  0]LogPakFile: PakFile PathHashIndexSize=101
[2023.09.15-12.44.54:484][  0]LogPakFile: PakFile FullDirectoryIndexSize=138
[2023.09.15-12.44.54:484][  0]LogShaderLibrary: Display: ShaderCodeLibraryPakFileMountedCallback: PakFile 'D:/UE_4.27/FeaturePacks/TP_Puzzle.upack' (chunk index -1, root 'root:/') mounted
[2023.09.15-12.44.54:484][  0]LogShaderLibrary: Display: ShaderCodeLibraryPakFileMountedCallback: pending pak file info (ChunkID:-1 Root:root:/ File:D:/UE_4.27/FeaturePacks/TP_Puzzle.upack)
[2023.09.15-12.44.54:484][  0]LogPakFile: OnPakFileMounted2Time == 0.000151
[2023.09.15-12.44.54:537][  0]LogPakFile: PakFile PrimaryIndexSize=184
[2023.09.15-12.44.54:537][  0]LogPakFile: PakFile PathHashIndexSize=101
[2023.09.15-12.44.54:537][  0]LogPakFile: PakFile FullDirectoryIndexSize=142
[2023.09.15-12.44.54:538][  0]LogShaderLibrary: Display: ShaderCodeLibraryPakFileMountedCallback: PakFile 'D:/UE_4.27/FeaturePacks/TP_PuzzleBP.upack' (chunk index -1, root 'root:/') mounted
[2023.09.15-12.44.54:538][  0]LogShaderLibrary: Display: ShaderCodeLibraryPakFileMountedCallback: pending pak file info (ChunkID:-1 Root:root:/ File:D:/UE_4.27/FeaturePacks/TP_PuzzleBP.upack)
[2023.09.15-12.44.54:538][  0]LogPakFile: OnPakFileMounted2Time == 0.000110
[2023.09.15-12.44.54:658][  0]LogPakFile: PakFile PrimaryIndexSize=183
[2023.09.15-12.44.54:658][  0]LogPakFile: PakFile PathHashIndexSize=101
[2023.09.15-12.44.54:658][  0]LogPakFile: PakFile FullDirectoryIndexSize=140
[2023.09.15-12.44.54:658][  0]LogShaderLibrary: Display: ShaderCodeLibraryPakFileMountedCallback: PakFile 'D:/UE_4.27/FeaturePacks/TP_Rolling.upack' (chunk index -1, root 'root:/') mounted
[2023.09.15-12.44.54:658][  0]LogShaderLibrary: Display: ShaderCodeLibraryPakFileMountedCallback: pending pak file info (ChunkID:-1 Root:root:/ File:D:/UE_4.27/FeaturePacks/TP_Rolling.upack)
[2023.09.15-12.44.54:658][  0]LogPakFile: OnPakFileMounted2Time == 0.000049
[2023.09.15-12.44.54:714][  0]LogPakFile: PakFile PrimaryIndexSize=185
[2023.09.15-12.44.54:715][  0]LogPakFile: PakFile PathHashIndexSize=101
[2023.09.15-12.44.54:715][  0]LogPakFile: PakFile FullDirectoryIndexSize=144
[2023.09.15-12.44.54:715][  0]LogShaderLibrary: Display: ShaderCodeLibraryPakFileMountedCallback: PakFile 'D:/UE_4.27/FeaturePacks/TP_RollingBP.upack' (chunk index -1, root 'root:/') mounted
[2023.09.15-12.44.54:715][  0]LogShaderLibrary: Display: ShaderCodeLibraryPakFileMountedCallback: pending pak file info (ChunkID:-1 Root:root:/ File:D:/UE_4.27/FeaturePacks/TP_RollingBP.upack)
[2023.09.15-12.44.54:715][  0]LogPakFile: OnPakFileMounted2Time == 0.000119
[2023.09.15-12.44.54:752][  0]LogPakFile: PakFile PrimaryIndexSize=188
[2023.09.15-12.44.54:752][  0]LogPakFile: PakFile PathHashIndexSize=101
[2023.09.15-12.44.54:752][  0]LogPakFile: PakFile FullDirectoryIndexSize=150
[2023.09.15-12.44.54:752][  0]LogShaderLibrary: Display: ShaderCodeLibraryPakFileMountedCallback: PakFile 'D:/UE_4.27/FeaturePacks/TP_SideScroller.upack' (chunk index -1, root 'root:/') mounted
[2023.09.15-12.44.54:752][  0]LogShaderLibrary: Display: ShaderCodeLibraryPakFileMountedCallback: pending pak file info (ChunkID:-1 Root:root:/ File:D:/UE_4.27/FeaturePacks/TP_SideScroller.upack)
[2023.09.15-12.44.54:752][  0]LogPakFile: OnPakFileMounted2Time == 0.000118
[2023.09.15-12.44.54:858][  0]LogPakFile: PakFile PrimaryIndexSize=190
[2023.09.15-12.44.54:858][  0]LogPakFile: PakFile PathHashIndexSize=101
[2023.09.15-12.44.54:858][  0]LogPakFile: PakFile FullDirectoryIndexSize=154
[2023.09.15-12.44.54:858][  0]LogShaderLibrary: Display: ShaderCodeLibraryPakFileMountedCallback: PakFile 'D:/UE_4.27/FeaturePacks/TP_SideScrollerBP.upack' (chunk index -1, root 'root:/') mounted
[2023.09.15-12.44.54:858][  0]LogShaderLibrary: Display: ShaderCodeLibraryPakFileMountedCallback: pending pak file info (ChunkID:-1 Root:root:/ File:D:/UE_4.27/FeaturePacks/TP_SideScrollerBP.upack)
[2023.09.15-12.44.54:858][  0]LogPakFile: OnPakFileMounted2Time == 0.000116
[2023.09.15-12.44.54:921][  0]LogPakFile: PakFile PrimaryIndexSize=187
[2023.09.15-12.44.54:921][  0]LogPakFile: PakFile PathHashIndexSize=101
[2023.09.15-12.44.54:921][  0]LogPakFile: PakFile FullDirectoryIndexSize=148
[2023.09.15-12.44.54:922][  0]LogShaderLibrary: Display: ShaderCodeLibraryPakFileMountedCallback: PakFile 'D:/UE_4.27/FeaturePacks/TP_ThirdPerson.upack' (chunk index -1, root 'root:/') mounted
[2023.09.15-12.44.54:922][  0]LogShaderLibrary: Display: ShaderCodeLibraryPakFileMountedCallback: pending pak file info (ChunkID:-1 Root:root:/ File:D:/UE_4.27/FeaturePacks/TP_ThirdPerson.upack)
[2023.09.15-12.44.54:922][  0]LogPakFile: OnPakFileMounted2Time == 0.000099
[2023.09.15-12.44.54:967][  0]LogPakFile: PakFile PrimaryIndexSize=189
[2023.09.15-12.44.54:967][  0]LogPakFile: PakFile PathHashIndexSize=101
[2023.09.15-12.44.54:967][  0]LogPakFile: PakFile FullDirectoryIndexSize=152
[2023.09.15-12.44.54:967][  0]LogShaderLibrary: Display: ShaderCodeLibraryPakFileMountedCallback: PakFile 'D:/UE_4.27/FeaturePacks/TP_ThirdPersonBP.upack' (chunk index -1, root 'root:/') mounted
[2023.09.15-12.44.54:967][  0]LogShaderLibrary: Display: ShaderCodeLibraryPakFileMountedCallback: pending pak file info (ChunkID:-1 Root:root:/ File:D:/UE_4.27/FeaturePacks/TP_ThirdPersonBP.upack)
[2023.09.15-12.44.54:967][  0]LogPakFile: OnPakFileMounted2Time == 0.000089
[2023.09.15-12.44.54:980][  0]LogPakFile: PakFile PrimaryIndexSize=183
[2023.09.15-12.44.54:980][  0]LogPakFile: PakFile PathHashIndexSize=101
[2023.09.15-12.44.54:980][  0]LogPakFile: PakFile FullDirectoryIndexSize=140
[2023.09.15-12.44.54:980][  0]LogShaderLibrary: Display: ShaderCodeLibraryPakFileMountedCallback: PakFile 'D:/UE_4.27/FeaturePacks/TP_TopDown.upack' (chunk index -1, root 'root:/') mounted
[2023.09.15-12.44.54:980][  0]LogShaderLibrary: Display: ShaderCodeLibraryPakFileMountedCallback: pending pak file info (ChunkID:-1 Root:root:/ File:D:/UE_4.27/FeaturePacks/TP_TopDown.upack)
[2023.09.15-12.44.54:980][  0]LogPakFile: OnPakFileMounted2Time == 0.000071
[2023.09.15-12.44.54:990][  0]LogPakFile: PakFile PrimaryIndexSize=185
[2023.09.15-12.44.54:990][  0]LogPakFile: PakFile PathHashIndexSize=101
[2023.09.15-12.44.54:990][  0]LogPakFile: PakFile FullDirectoryIndexSize=144
[2023.09.15-12.44.54:990][  0]LogShaderLibrary: Display: ShaderCodeLibraryPakFileMountedCallback: PakFile 'D:/UE_4.27/FeaturePacks/TP_TopDownBP.upack' (chunk index -1, root 'root:/') mounted
[2023.09.15-12.44.54:990][  0]LogShaderLibrary: Display: ShaderCodeLibraryPakFileMountedCallback: pending pak file info (ChunkID:-1 Root:root:/ File:D:/UE_4.27/FeaturePacks/TP_TopDownBP.upack)
[2023.09.15-12.44.54:990][  0]LogPakFile: OnPakFileMounted2Time == 0.000053
[2023.09.15-12.44.55:002][  0]LogPakFile: PakFile PrimaryIndexSize=185
[2023.09.15-12.44.55:002][  0]LogPakFile: PakFile PathHashIndexSize=101
[2023.09.15-12.44.55:002][  0]LogPakFile: PakFile FullDirectoryIndexSize=144
[2023.09.15-12.44.55:002][  0]LogShaderLibrary: Display: ShaderCodeLibraryPakFileMountedCallback: PakFile 'D:/UE_4.27/FeaturePacks/TP_TwinStick.upack' (chunk index -1, root 'root:/') mounted
[2023.09.15-12.44.55:002][  0]LogShaderLibrary: Display: ShaderCodeLibraryPakFileMountedCallback: pending pak file info (ChunkID:-1 Root:root:/ File:D:/UE_4.27/FeaturePacks/TP_TwinStick.upack)
[2023.09.15-12.44.55:002][  0]LogPakFile: OnPakFileMounted2Time == 0.000041
[2023.09.15-12.44.55:028][  0]LogPakFile: PakFile PrimaryIndexSize=187
[2023.09.15-12.44.55:028][  0]LogPakFile: PakFile PathHashIndexSize=101
[2023.09.15-12.44.55:028][  0]LogPakFile: PakFile FullDirectoryIndexSize=148
[2023.09.15-12.44.55:028][  0]LogShaderLibrary: Display: ShaderCodeLibraryPakFileMountedCallback: PakFile 'D:/UE_4.27/FeaturePacks/TP_TwinStickBP.upack' (chunk index -1, root 'root:/') mounted
[2023.09.15-12.44.55:028][  0]LogShaderLibrary: Display: ShaderCodeLibraryPakFileMountedCallback: pending pak file info (ChunkID:-1 Root:root:/ File:D:/UE_4.27/FeaturePacks/TP_TwinStickBP.upack)
[2023.09.15-12.44.55:028][  0]LogPakFile: OnPakFileMounted2Time == 0.000035
[2023.09.15-12.44.55:060][  0]LogPakFile: PakFile PrimaryIndexSize=183
[2023.09.15-12.44.55:060][  0]LogPakFile: PakFile PathHashIndexSize=101
[2023.09.15-12.44.55:060][  0]LogPakFile: PakFile FullDirectoryIndexSize=140
[2023.09.15-12.44.55:060][  0]LogShaderLibrary: Display: ShaderCodeLibraryPakFileMountedCallback: PakFile 'D:/UE_4.27/FeaturePacks/TP_Vehicle.upack' (chunk index -1, root 'root:/') mounted
[2023.09.15-12.44.55:060][  0]LogShaderLibrary: Display: ShaderCodeLibraryPakFileMountedCallback: pending pak file info (ChunkID:-1 Root:root:/ File:D:/UE_4.27/FeaturePacks/TP_Vehicle.upack)
[2023.09.15-12.44.55:060][  0]LogPakFile: OnPakFileMounted2Time == 0.000039
[2023.09.15-12.44.55:097][  0]LogPakFile: PakFile PrimaryIndexSize=186
[2023.09.15-12.44.55:097][  0]LogPakFile: PakFile PathHashIndexSize=101
[2023.09.15-12.44.55:097][  0]LogPakFile: PakFile FullDirectoryIndexSize=146
[2023.09.15-12.44.55:097][  0]LogShaderLibrary: Display: ShaderCodeLibraryPakFileMountedCallback: PakFile 'D:/UE_4.27/FeaturePacks/TP_VehicleAdv.upack' (chunk index -1, root 'root:/') mounted
[2023.09.15-12.44.55:097][  0]LogShaderLibrary: Display: ShaderCodeLibraryPakFileMountedCallback: pending pak file info (ChunkID:-1 Root:root:/ File:D:/UE_4.27/FeaturePacks/TP_VehicleAdv.upack)
[2023.09.15-12.44.55:097][  0]LogPakFile: OnPakFileMounted2Time == 0.000058
[2023.09.15-12.44.55:106][  0]LogPakFile: PakFile PrimaryIndexSize=188
[2023.09.15-12.44.55:107][  0]LogPakFile: PakFile PathHashIndexSize=101
[2023.09.15-12.44.55:107][  0]LogPakFile: PakFile FullDirectoryIndexSize=150
[2023.09.15-12.44.55:107][  0]LogShaderLibrary: Display: ShaderCodeLibraryPakFileMountedCallback: PakFile 'D:/UE_4.27/FeaturePacks/TP_VehicleAdvBP.upack' (chunk index -1, root 'root:/') mounted
[2023.09.15-12.44.55:107][  0]LogShaderLibrary: Display: ShaderCodeLibraryPakFileMountedCallback: pending pak file info (ChunkID:-1 Root:root:/ File:D:/UE_4.27/FeaturePacks/TP_VehicleAdvBP.upack)
[2023.09.15-12.44.55:107][  0]LogPakFile: OnPakFileMounted2Time == 0.000054
[2023.09.15-12.44.55:154][  0]LogPakFile: PakFile PrimaryIndexSize=185
[2023.09.15-12.44.55:154][  0]LogPakFile: PakFile PathHashIndexSize=101
[2023.09.15-12.44.55:154][  0]LogPakFile: PakFile FullDirectoryIndexSize=144
[2023.09.15-12.44.55:154][  0]LogShaderLibrary: Display: ShaderCodeLibraryPakFileMountedCallback: PakFile 'D:/UE_4.27/FeaturePacks/TP_VehicleBP.upack' (chunk index -1, root 'root:/') mounted
[2023.09.15-12.44.55:154][  0]LogShaderLibrary: Display: ShaderCodeLibraryPakFileMountedCallback: pending pak file info (ChunkID:-1 Root:root:/ File:D:/UE_4.27/FeaturePacks/TP_VehicleBP.upack)
[2023.09.15-12.44.55:154][  0]LogPakFile: OnPakFileMounted2Time == 0.000045
[2023.09.15-12.44.55:161][  0]LogPakFile: PakFile PrimaryIndexSize=192
[2023.09.15-12.44.55:161][  0]LogPakFile: PakFile PathHashIndexSize=101
[2023.09.15-12.44.55:161][  0]LogPakFile: PakFile FullDirectoryIndexSize=158
[2023.09.15-12.44.55:161][  0]LogShaderLibrary: Display: ShaderCodeLibraryPakFileMountedCallback: PakFile 'D:/UE_4.27/FeaturePacks/TP_VirtualRealityBP.upack' (chunk index -1, root 'root:/') mounted
[2023.09.15-12.44.55:161][  0]LogShaderLibrary: Display: ShaderCodeLibraryPakFileMountedCallback: pending pak file info (ChunkID:-1 Root:root:/ File:D:/UE_4.27/FeaturePacks/TP_VirtualRealityBP.upack)
[2023.09.15-12.44.55:161][  0]LogPakFile: OnPakFileMounted2Time == 0.000035
[2023.09.15-12.44.56:760][  0]LogNativeClassHierarchy: Verbose: Native class hierarchy updated for 'AddContentDialog' in 0.0003 seconds. Added 0 classes and 0 folders.
[2023.09.15-12.44.56:808][  0]LogNativeClassHierarchy: Verbose: Native class hierarchy updated for 'SceneOutliner' in 0.0008 seconds. Added 2 classes and 0 folders.
[2023.09.15-12.44.57:578][  0]LogSlate: Took 0.000192 seconds to synchronously load lazily loaded font '../../../Engine/Content/Slate/Fonts/Roboto-Regular.ttf' (155K)
[2023.09.15-12.44.57:597][  0]LogSlate: Took 0.017946 seconds to synchronously load lazily loaded font '../../../Engine/Content/Editor/Slate/Fonts/FontAwesome.ttf' (139K)
[2023.09.15-12.44.57:614][  0]LogSlate: Took 0.000277 seconds to synchronously load lazily loaded font '../../../Engine/Content/Slate/Fonts/Roboto-Bold.ttf' (160K)
[2023.09.15-12.44.57:967][  0]LogRenderer: Reallocating scene render targets to support 1068x572 Format 10 NumSamples 1 (Frame:1).
[2023.09.15-12.44.58:342][  0]LogSlate: Took 0.012465 seconds to synchronously load lazily loaded font '../../../Engine/Content/Slate/Fonts/Roboto-Light.ttf' (167K)
[2023.09.15-12.44.58:426][  0]LogNativeClassHierarchy: Verbose: Native class hierarchy updated for 'HierarchicalLODOutliner' in 0.0002 seconds. Added 0 classes and 0 folders.
[2023.09.15-12.44.58:426][  0]LogInput: Warning: Action Jump uses invalid key OculusGo_Left_Trigger_Click.
[2023.09.15-12.44.58:426][  0]LogInput: Warning: Action ResetVR uses invalid key OculusGo_Left_Trackpad_Click.
[2023.09.15-12.44.58:426][  0]LogInput: Warning: Use -RemoveInvalidKeys to remove instances of these keys from the action mapping.
[2023.09.15-12.44.58:426][  0]LogLoad: (Engine Initialization) Total time: 24.03 seconds
[2023.09.15-12.44.58:426][  0]LogLoad: (Engine Initialization) Total Blueprint compile time: 0.00 seconds
[2023.09.15-12.44.58:526][  0]LogAssetRegistry: Asset discovery search completed in 20.9906 seconds
[2023.09.15-12.44.58:531][  0]LogCollectionManager: Fixed up redirectors for 0 collections in 0.000004 seconds (updated 0 objects)
[2023.09.15-12.44.58:557][  0]LogContentStreaming: Texture pool size now 1000 MB
[2023.09.15-12.44.59:785][  4]LogSlate: Took 0.000222 seconds to synchronously load lazily loaded font '../../../Engine/Content/Slate/Fonts/Roboto-Light.ttf' (167K)
[2023.09.15-12.48.10:232][571]LogWindowsTextInputMethodSystem: Display: IME system deactivated.
[2023.09.15-12.48.10:232][571]LogWindowsTextInputMethodSystem: Display: IME system deactivated.
[2023.09.15-12.48.12:311][710]LogEditorViewport: Clicking on Actor (LMB): ThirdPersonCharacter_C (ThirdPersonCharacter)
[2023.09.15-12.48.15:888][872]LogAssetEditorSubsystem: Opening Asset editor for Blueprint /Game/ThirdPersonCPP/Blueprints/ThirdPersonCharacter.ThirdPersonCharacter
[2023.09.15-12.48.17:434][872]LogNativeClassHierarchy: Verbose: Native class hierarchy updated for 'BlueprintGraph' in 0.0007 seconds. Added 126 classes and 0 folders.
[2023.09.15-12.48.20:370][872]LogSlate: Took 0.000279 seconds to synchronously load lazily loaded font '../../../Engine/Content/Slate/Fonts/Roboto-BoldCondensed.ttf' (158K)
[2023.09.15-12.48.20:625][873]LogSlate: Took 0.017041 seconds to synchronously load lazily loaded font '../../../Engine/Content/Slate/Fonts/Roboto-Italic.ttf' (157K)
[2023.09.15-12.48.53:642][481]LogD3D11RHI: GetQueryData is taking a very long time (5.0 s) (887a0006)
[2023.09.15-12.48.53:642][481]LogD3D11RHI: Error: Result failed 
 at D:/Build/++UE4/Sync/Engine/Source/Runtime/Windows/D3D11RHI/Private/D3D11Query.cpp:360 
 with error DXGI_ERROR_DEVICE_REMOVED DXGI_ERROR_DEVICE_HUNG
[2023.09.15-12.48.53:642][481]LogD3D11RHI: [Aftermath] GDynamicRHI=0000028D1E1A0040, GDX11NVAfterMathEnabled=0, Result=0xFFFFFFFF, bDeviceActive=0
[2023.09.15-12.48.53:642][481]LogWindows: Windows GetLastError: The operation completed successfully. (0)
